[ 2024-12-26 17:00:51,593 ]  Module: log.py | Function: <module> | Line No: 23 -  INFO: Logging started!
[ 2024-12-26 17:00:51,595 ]  Module: connectionpool.py | Function: _new_conn | Line No: 1049 -  DEBUG: Starting new HTTPS connection (1): huggingface.co:443
[ 2024-12-26 17:00:52,353 ]  Module: connectionpool.py | Function: _make_request | Line No: 544 -  DEBUG: https://huggingface.co:443 "HEAD /ai4bharat/indictrans2-en-indic-dist-200M/resolve/main/tokenizer_config.json HTTP/1.1" 200 0
[ 2024-12-26 17:00:52,961 ]  Module: connectionpool.py | Function: _make_request | Line No: 544 -  DEBUG: https://huggingface.co:443 "HEAD /ai4bharat/indictrans2-en-indic-dist-200M/resolve/main/tokenization_indictrans.py HTTP/1.1" 200 0
[ 2024-12-26 17:00:53,383 ]  Module: connectionpool.py | Function: _make_request | Line No: 544 -  DEBUG: https://huggingface.co:443 "HEAD /ai4bharat/indictrans2-en-indic-dist-200M/resolve/main/config.json HTTP/1.1" 200 0
[ 2024-12-26 17:00:54,022 ]  Module: connectionpool.py | Function: _make_request | Line No: 544 -  DEBUG: https://huggingface.co:443 "HEAD /ai4bharat/indictrans2-en-indic-dist-200M/resolve/main/configuration_indictrans.py HTTP/1.1" 200 0
[ 2024-12-26 17:00:54,304 ]  Module: connectionpool.py | Function: _make_request | Line No: 544 -  DEBUG: https://huggingface.co:443 "HEAD /ai4bharat/indictrans2-en-indic-dist-200M/resolve/main/modeling_indictrans.py HTTP/1.1" 200 0
[ 2024-12-26 17:00:54,846 ]  Module: connectionpool.py | Function: _make_request | Line No: 544 -  DEBUG: https://huggingface.co:443 "HEAD /ai4bharat/indictrans2-en-indic-dist-200M/resolve/main/generation_config.json HTTP/1.1" 200 0
[ 2024-12-26 17:00:54,860 ]  Module: _internal.py | Function: _log | Line No: 97 -  WARNING:  * Debugger is active!
[ 2024-12-26 17:00:54,863 ]  Module: _internal.py | Function: _log | Line No: 97 -  INFO:  * Debugger PIN: 742-645-872
[ 2024-12-26 17:01:34,520 ]  Module: _internal.py | Function: _log | Line No: 97 -  INFO: 127.0.0.1 - - [26/Dec/2024 17:01:34] "OPTIONS /stop_recording HTTP/1.1" 200 -
[ 2024-12-26 17:01:34,782 ]  Module: app.py | Function: stop_recording | Line No: 84 -  INFO: inside stop recording function !!
[ 2024-12-26 17:01:34,782 ]  Module: _internal.py | Function: _log | Line No: 97 -  INFO: 127.0.0.1 - - [26/Dec/2024 17:01:34] "POST /stop_recording HTTP/1.1" 200 -
[ 2024-12-26 17:01:36,725 ]  Module: app.py | Function: stop_recording | Line No: 84 -  INFO: inside stop recording function !!
[ 2024-12-26 17:01:36,725 ]  Module: _internal.py | Function: _log | Line No: 97 -  INFO: 127.0.0.1 - - [26/Dec/2024 17:01:36] "POST /stop_recording HTTP/1.1" 200 -
[ 2024-12-26 17:01:50,948 ]  Module: _internal.py | Function: _log | Line No: 97 -  INFO: 127.0.0.1 - - [26/Dec/2024 17:01:50] "OPTIONS /start_recording HTTP/1.1" 200 -
[ 2024-12-26 17:01:51,209 ]  Module: app.py | Function: start_recording | Line No: 56 -  INFO: inside start recording function !!
[ 2024-12-26 17:01:51,211 ]  Module: app.py | Function: record_audio | Line No: 41 -  INFO: inside record audio function !!!
[ 2024-12-26 17:01:51,212 ]  Module: _internal.py | Function: _log | Line No: 97 -  INFO: 127.0.0.1 - - [26/Dec/2024 17:01:51] "POST /start_recording HTTP/1.1" 200 -
[ 2024-12-26 17:01:57,608 ]  Module: _internal.py | Function: _log | Line No: 97 -  INFO: 127.0.0.1 - - [26/Dec/2024 17:01:57] "OPTIONS /stop_recording HTTP/1.1" 200 -
[ 2024-12-26 17:01:57,913 ]  Module: app.py | Function: stop_recording | Line No: 84 -  INFO: inside stop recording function !!
[ 2024-12-26 17:01:59,824 ]  Module: app.py | Function: stop_recording | Line No: 138 -  INFO: before indic call :
[ 2024-12-26 17:01:59,824 ]  Module: indic.py | Function: translate_text_indic | Line No: 28 -  INFO: inside indic translation :
[ 2024-12-26 17:02:01,298 ]  Module: app.py | Function: stop_recording | Line No: 84 -  INFO: inside stop recording function !!
[ 2024-12-26 17:02:01,299 ]  Module: _internal.py | Function: _log | Line No: 97 -  INFO: 127.0.0.1 - - [26/Dec/2024 17:02:01] "POST /stop_recording HTTP/1.1" 200 -
[ 2024-12-26 17:02:02,655 ]  Module: app.py | Function: stop_recording | Line No: 141 -  INFO: after indic call :
[ 2024-12-26 17:02:02,655 ]  Module: tts.py | Function: __init__ | Line No: 130 -  DEBUG: text: \u0928\u092e\u094d\u0938\u091f\u0947 \u092e\u0947\u0930\u0940 \u0928\u0945\u092e \u0936\u0942\u092c\u092e \u0939\u0947 \u092e\u093e\u091d\u0947 \u092a\u0941\u0923\u0947, \u092e\u0940 \u0930\u0947\u0925\u091f\u093e \u0939\u0942\u0928, \u092e\u0940 \u0915\u0930\u093f\u0915\u0947\u091f\u091a\u0947 \u0916\u0947\u0933, \u0905\u091a\u093e\u091a\u093e \u0932\u0917\u093e\u091f\u093e \u0906\u0939\u0947. 
[ 2024-12-26 17:02:02,655 ]  Module: tts.py | Function: __init__ | Line No: 130 -  DEBUG: tld: com
[ 2024-12-26 17:02:02,655 ]  Module: tts.py | Function: __init__ | Line No: 130 -  DEBUG: lang: mr
[ 2024-12-26 17:02:02,655 ]  Module: tts.py | Function: __init__ | Line No: 130 -  DEBUG: slow: False
[ 2024-12-26 17:02:02,655 ]  Module: tts.py | Function: __init__ | Line No: 130 -  DEBUG: lang_check: True
[ 2024-12-26 17:02:02,655 ]  Module: tts.py | Function: __init__ | Line No: 130 -  DEBUG: pre_processor_funcs: [<function tone_marks at 0x000001C02AB3A980>, <function end_of_line at 0x000001C02AB3B7E0>, <function abbreviations at 0x000001C02AB3B740>, <function word_sub at 0x000001C02AB3B920>]
[ 2024-12-26 17:02:02,655 ]  Module: tts.py | Function: __init__ | Line No: 130 -  DEBUG: tokenizer_func: <bound method Tokenizer.run of re.compile('(?<=\\?).|(?<=!).|(?<=\uff1f).|(?<=\uff01).|(?<!\\.[a-z])\\. |(?<!\\.[a-z]), |(?<!\\d):|\\]|\\(|\\[|\uff1a|—|\u3002|\u2025|\\\n|¡|\u3001|¿|\\)|\u060c|;|…|\uff0c', re.IGNORECASE) from: [<function tone_marks at 0x000001C02AB3BB00>, <function period_comma at 0x000001C02AB3BBA0>, <function colon at 0x000001C02AB3BC40>, <function other_punctuation at 0x000001C02AB3BCE0>]>
[ 2024-12-26 17:02:02,655 ]  Module: tts.py | Function: __init__ | Line No: 130 -  DEBUG: timeout: None
[ 2024-12-26 17:02:02,655 ]  Module: lang.py | Function: tts_langs | Line No: 33 -  DEBUG: langs: {'af': 'Afrikaans', 'am': 'Amharic', 'ar': 'Arabic', 'bg': 'Bulgarian', 'bn': 'Bengali', 'bs': 'Bosnian', 'ca': 'Catalan', 'cs': 'Czech', 'cy': 'Welsh', 'da': 'Danish', 'de': 'German', 'el': 'Greek', 'en': 'English', 'es': 'Spanish', 'et': 'Estonian', 'eu': 'Basque', 'fi': 'Finnish', 'fr': 'French', 'fr-CA': 'French (Canada)', 'gl': 'Galician', 'gu': 'Gujarati', 'ha': 'Hausa', 'hi': 'Hindi', 'hr': 'Croatian', 'hu': 'Hungarian', 'id': 'Indonesian', 'is': 'Icelandic', 'it': 'Italian', 'iw': 'Hebrew', 'ja': 'Japanese', 'jw': 'Javanese', 'km': 'Khmer', 'kn': 'Kannada', 'ko': 'Korean', 'la': 'Latin', 'lt': 'Lithuanian', 'lv': 'Latvian', 'ml': 'Malayalam', 'mr': 'Marathi', 'ms': 'Malay', 'my': 'Myanmar (Burmese)', 'ne': 'Nepali', 'nl': 'Dutch', 'no': 'Norwegian', 'pa': 'Punjabi (Gurmukhi)', 'pl': 'Polish', 'pt': 'Portuguese (Brazil)', 'pt-PT': 'Portuguese (Portugal)', 'ro': 'Romanian', 'ru': 'Russian', 'si': 'Sinhala', 'sk': 'Slovak', 'sq': 'Albanian', 'sr': 'Serbian', 'su': 'Sundanese', 'sv': 'Swedish', 'sw': 'Swahili', 'ta': 'Tamil', 'te': 'Telugu', 'th': 'Thai', 'tl': 'Filipino', 'tr': 'Turkish', 'uk': 'Ukrainian', 'ur': 'Urdu', 'vi': 'Vietnamese', 'yue': 'Cantonese', 'zh-CN': 'Chinese (Simplified)', 'zh-TW': 'Chinese (Mandarin/Taiwan)', 'zh': 'Chinese (Mandarin)'}
[ 2024-12-26 17:02:02,655 ]  Module: tts.py | Function: _tokenize | Line No: 173 -  DEBUG: pre-processing: <function tone_marks at 0x000001C02AB3A980>
[ 2024-12-26 17:02:02,656 ]  Module: tts.py | Function: _tokenize | Line No: 173 -  DEBUG: pre-processing: <function end_of_line at 0x000001C02AB3B7E0>
[ 2024-12-26 17:02:02,656 ]  Module: tts.py | Function: _tokenize | Line No: 173 -  DEBUG: pre-processing: <function abbreviations at 0x000001C02AB3B740>
[ 2024-12-26 17:02:02,656 ]  Module: tts.py | Function: _tokenize | Line No: 173 -  DEBUG: pre-processing: <function word_sub at 0x000001C02AB3B920>
[ 2024-12-26 17:02:02,656 ]  Module: tts.py | Function: _prepare_requests | Line No: 208 -  DEBUG: text_parts: ['\u0928\u092e\u094d\u0938\u091f\u0947 \u092e\u0947\u0930\u0940 \u0928\u0945\u092e \u0936\u0942\u092c\u092e \u0939\u0947 \u092e\u093e\u091d\u0947 \u092a\u0941\u0923\u0947, \u092e\u0940 \u0930\u0947\u0925\u091f\u093e \u0939\u0942\u0928, \u092e\u0940 \u0915\u0930\u093f\u0915\u0947\u091f\u091a\u0947 \u0916\u0947\u0933, \u0905\u091a\u093e\u091a\u093e \u0932\u0917\u093e\u091f\u093e \u0906\u0939\u0947.']
[ 2024-12-26 17:02:02,656 ]  Module: tts.py | Function: _prepare_requests | Line No: 209 -  DEBUG: text_parts: 1
[ 2024-12-26 17:02:02,656 ]  Module: tts.py | Function: _prepare_requests | Line No: 216 -  DEBUG: data-0: f.req=%5B%5B%5B%22jQ1olc%22%2C%22%5B%5C%22%5C%5Cu0928%5C%5Cu092e%5C%5Cu094d%5C%5Cu0938%5C%5Cu091f%5C%5Cu0947%20%5C%5Cu092e%5C%5Cu0947%5C%5Cu0930%5C%5Cu0940%20%5C%5Cu0928%5C%5Cu0945%5C%5Cu092e%20%5C%5Cu0936%5C%5Cu0942%5C%5Cu092c%5C%5Cu092e%20%5C%5Cu0939%5C%5Cu0947%20%5C%5Cu092e%5C%5Cu093e%5C%5Cu091d%5C%5Cu0947%20%5C%5Cu092a%5C%5Cu0941%5C%5Cu0923%5C%5Cu0947%2C%20%5C%5Cu092e%5C%5Cu0940%20%5C%5Cu0930%5C%5Cu0947%5C%5Cu0925%5C%5Cu091f%5C%5Cu093e%20%5C%5Cu0939%5C%5Cu0942%5C%5Cu0928%2C%20%5C%5Cu092e%5C%5Cu0940%20%5C%5Cu0915%5C%5Cu0930%5C%5Cu093f%5C%5Cu0915%5C%5Cu0947%5C%5Cu091f%5C%5Cu091a%5C%5Cu0947%20%5C%5Cu0916%5C%5Cu0947%5C%5Cu0933%2C%20%5C%5Cu0905%5C%5Cu091a%5C%5Cu093e%5C%5Cu091a%5C%5Cu093e%20%5C%5Cu0932%5C%5Cu0917%5C%5Cu093e%5C%5Cu091f%5C%5Cu093e%20%5C%5Cu0906%5C%5Cu0939%5C%5Cu0947.%5C%22%2C%5C%22mr%5C%22%2Cnull%2C%5C%22null%5C%22%5D%22%2Cnull%2C%22generic%22%5D%5D%5D&
[ 2024-12-26 17:02:02,657 ]  Module: connectionpool.py | Function: _new_conn | Line No: 1049 -  DEBUG: Starting new HTTPS connection (1): translate.google.com:443
[ 2024-12-26 17:02:03,101 ]  Module: connectionpool.py | Function: _make_request | Line No: 544 -  DEBUG: https://translate.google.com:443 "POST /_/TranslateWebserverUi/data/batchexecute HTTP/1.1" 200 None
[ 2024-12-26 17:02:03,239 ]  Module: tts.py | Function: stream | Line No: 275 -  DEBUG: headers-0: {'Referer': 'http://translate.google.com/', 'User-Agent': 'Mozilla/5.0 (Windows NT 10.0; WOW64) AppleWebKit/537.36 (KHTML, like Gecko) Chrome/47.0.2526.106 Safari/537.36', 'Content-Type': 'application/x-www-form-urlencoded;charset=utf-8', 'Content-Length': '878'}
[ 2024-12-26 17:02:03,239 ]  Module: tts.py | Function: stream | Line No: 276 -  DEBUG: url-0: https://translate.google.com/_/TranslateWebserverUi/data/batchexecute
[ 2024-12-26 17:02:03,239 ]  Module: tts.py | Function: stream | Line No: 277 -  DEBUG: status-0: 200
[ 2024-12-26 17:02:03,245 ]  Module: tts.py | Function: write_to_fp | Line No: 318 -  DEBUG: part-0 written to <_io.BufferedWriter name='D:/personal/Personal_Projects/Anuwad-3/Backend\\static\\d469bd037e574ac48d01bbb32ee017c0.mp3'>
[ 2024-12-26 17:02:03,245 ]  Module: tts.py | Function: stream | Line No: 301 -  DEBUG: part-0 created
[ 2024-12-26 17:02:03,245 ]  Module: tts.py | Function: save | Line No: 337 -  DEBUG: Saved to D:/personal/Personal_Projects/Anuwad-3/Backend\static\d469bd037e574ac48d01bbb32ee017c0.mp3
[ 2024-12-26 17:02:03,247 ]  Module: _internal.py | Function: _log | Line No: 97 -  INFO: 127.0.0.1 - - [26/Dec/2024 17:02:03] "POST /stop_recording HTTP/1.1" 200 -
[ 2024-12-26 17:02:57,009 ]  Module: _internal.py | Function: _log | Line No: 97 -  INFO: 127.0.0.1 - - [26/Dec/2024 17:02:57] "OPTIONS /start_recording HTTP/1.1" 200 -
[ 2024-12-26 17:02:57,276 ]  Module: app.py | Function: start_recording | Line No: 56 -  INFO: inside start recording function !!
[ 2024-12-26 17:02:57,277 ]  Module: app.py | Function: record_audio | Line No: 41 -  INFO: inside record audio function !!!
[ 2024-12-26 17:02:57,277 ]  Module: _internal.py | Function: _log | Line No: 97 -  INFO: 127.0.0.1 - - [26/Dec/2024 17:02:57] "POST /start_recording HTTP/1.1" 200 -
[ 2024-12-26 17:03:01,256 ]  Module: _internal.py | Function: _log | Line No: 97 -  INFO: 127.0.0.1 - - [26/Dec/2024 17:03:01] "OPTIONS /stop_recording HTTP/1.1" 200 -
[ 2024-12-26 17:03:01,563 ]  Module: app.py | Function: stop_recording | Line No: 84 -  INFO: inside stop recording function !!
[ 2024-12-26 17:03:02,936 ]  Module: app.py | Function: stop_recording | Line No: 138 -  INFO: before indic call :
[ 2024-12-26 17:03:02,937 ]  Module: indic.py | Function: translate_text_indic | Line No: 28 -  INFO: inside indic translation :
[ 2024-12-26 17:03:03,917 ]  Module: app.py | Function: stop_recording | Line No: 141 -  INFO: after indic call :
[ 2024-12-26 17:03:03,917 ]  Module: tts.py | Function: __init__ | Line No: 130 -  DEBUG: text: \u0928\u092e\u0938\u0924\u0947 \u092e\u0947\u0930\u093e \u0928\u093e\u092e \u0936\u0941\u092d\u092e \u0939\u0948 \u092e\u0948\u0902 \u092a\u0942\u0928\u0947 \u092e\u0947\u0902 \u0930\u0939\u0924\u093e \u0939\u0942\u0901
[ 2024-12-26 17:03:03,917 ]  Module: tts.py | Function: __init__ | Line No: 130 -  DEBUG: tld: com
[ 2024-12-26 17:03:03,917 ]  Module: tts.py | Function: __init__ | Line No: 130 -  DEBUG: lang: en
[ 2024-12-26 17:03:03,917 ]  Module: tts.py | Function: __init__ | Line No: 130 -  DEBUG: slow: False
[ 2024-12-26 17:03:03,917 ]  Module: tts.py | Function: __init__ | Line No: 130 -  DEBUG: lang_check: True
[ 2024-12-26 17:03:03,917 ]  Module: tts.py | Function: __init__ | Line No: 130 -  DEBUG: pre_processor_funcs: [<function tone_marks at 0x000001C02AB3A980>, <function end_of_line at 0x000001C02AB3B7E0>, <function abbreviations at 0x000001C02AB3B740>, <function word_sub at 0x000001C02AB3B920>]
[ 2024-12-26 17:03:03,917 ]  Module: tts.py | Function: __init__ | Line No: 130 -  DEBUG: tokenizer_func: <bound method Tokenizer.run of re.compile('(?<=\\?).|(?<=!).|(?<=\uff1f).|(?<=\uff01).|(?<!\\.[a-z])\\. |(?<!\\.[a-z]), |(?<!\\d):|\\]|\\(|\\[|\uff1a|—|\u3002|\u2025|\\\n|¡|\u3001|¿|\\)|\u060c|;|…|\uff0c', re.IGNORECASE) from: [<function tone_marks at 0x000001C02AB3BB00>, <function period_comma at 0x000001C02AB3BBA0>, <function colon at 0x000001C02AB3BC40>, <function other_punctuation at 0x000001C02AB3BCE0>]>
[ 2024-12-26 17:03:03,918 ]  Module: tts.py | Function: __init__ | Line No: 130 -  DEBUG: timeout: None
[ 2024-12-26 17:03:03,918 ]  Module: lang.py | Function: tts_langs | Line No: 33 -  DEBUG: langs: {'af': 'Afrikaans', 'am': 'Amharic', 'ar': 'Arabic', 'bg': 'Bulgarian', 'bn': 'Bengali', 'bs': 'Bosnian', 'ca': 'Catalan', 'cs': 'Czech', 'cy': 'Welsh', 'da': 'Danish', 'de': 'German', 'el': 'Greek', 'en': 'English', 'es': 'Spanish', 'et': 'Estonian', 'eu': 'Basque', 'fi': 'Finnish', 'fr': 'French', 'fr-CA': 'French (Canada)', 'gl': 'Galician', 'gu': 'Gujarati', 'ha': 'Hausa', 'hi': 'Hindi', 'hr': 'Croatian', 'hu': 'Hungarian', 'id': 'Indonesian', 'is': 'Icelandic', 'it': 'Italian', 'iw': 'Hebrew', 'ja': 'Japanese', 'jw': 'Javanese', 'km': 'Khmer', 'kn': 'Kannada', 'ko': 'Korean', 'la': 'Latin', 'lt': 'Lithuanian', 'lv': 'Latvian', 'ml': 'Malayalam', 'mr': 'Marathi', 'ms': 'Malay', 'my': 'Myanmar (Burmese)', 'ne': 'Nepali', 'nl': 'Dutch', 'no': 'Norwegian', 'pa': 'Punjabi (Gurmukhi)', 'pl': 'Polish', 'pt': 'Portuguese (Brazil)', 'pt-PT': 'Portuguese (Portugal)', 'ro': 'Romanian', 'ru': 'Russian', 'si': 'Sinhala', 'sk': 'Slovak', 'sq': 'Albanian', 'sr': 'Serbian', 'su': 'Sundanese', 'sv': 'Swedish', 'sw': 'Swahili', 'ta': 'Tamil', 'te': 'Telugu', 'th': 'Thai', 'tl': 'Filipino', 'tr': 'Turkish', 'uk': 'Ukrainian', 'ur': 'Urdu', 'vi': 'Vietnamese', 'yue': 'Cantonese', 'zh-CN': 'Chinese (Simplified)', 'zh-TW': 'Chinese (Mandarin/Taiwan)', 'zh': 'Chinese (Mandarin)'}
[ 2024-12-26 17:03:03,922 ]  Module: tts.py | Function: _tokenize | Line No: 173 -  DEBUG: pre-processing: <function tone_marks at 0x000001C02AB3A980>
[ 2024-12-26 17:03:03,922 ]  Module: tts.py | Function: _tokenize | Line No: 173 -  DEBUG: pre-processing: <function end_of_line at 0x000001C02AB3B7E0>
[ 2024-12-26 17:03:03,922 ]  Module: tts.py | Function: _tokenize | Line No: 173 -  DEBUG: pre-processing: <function abbreviations at 0x000001C02AB3B740>
[ 2024-12-26 17:03:03,922 ]  Module: tts.py | Function: _tokenize | Line No: 173 -  DEBUG: pre-processing: <function word_sub at 0x000001C02AB3B920>
[ 2024-12-26 17:03:03,922 ]  Module: tts.py | Function: _prepare_requests | Line No: 208 -  DEBUG: text_parts: ['\u0928\u092e\u0938\u0924\u0947 \u092e\u0947\u0930\u093e \u0928\u093e\u092e \u0936\u0941\u092d\u092e \u0939\u0948 \u092e\u0948\u0902 \u092a\u0942\u0928\u0947 \u092e\u0947\u0902 \u0930\u0939\u0924\u093e \u0939\u0942\u0901']
[ 2024-12-26 17:03:03,922 ]  Module: tts.py | Function: _prepare_requests | Line No: 209 -  DEBUG: text_parts: 1
[ 2024-12-26 17:03:03,922 ]  Module: tts.py | Function: _prepare_requests | Line No: 216 -  DEBUG: data-0: f.req=%5B%5B%5B%22jQ1olc%22%2C%22%5B%5C%22%5C%5Cu0928%5C%5Cu092e%5C%5Cu0938%5C%5Cu0924%5C%5Cu0947%20%5C%5Cu092e%5C%5Cu0947%5C%5Cu0930%5C%5Cu093e%20%5C%5Cu0928%5C%5Cu093e%5C%5Cu092e%20%5C%5Cu0936%5C%5Cu0941%5C%5Cu092d%5C%5Cu092e%20%5C%5Cu0939%5C%5Cu0948%20%5C%5Cu092e%5C%5Cu0948%5C%5Cu0902%20%5C%5Cu092a%5C%5Cu0942%5C%5Cu0928%5C%5Cu0947%20%5C%5Cu092e%5C%5Cu0947%5C%5Cu0902%20%5C%5Cu0930%5C%5Cu0939%5C%5Cu0924%5C%5Cu093e%20%5C%5Cu0939%5C%5Cu0942%5C%5Cu0901%5C%22%2C%5C%22en%5C%22%2Cnull%2C%5C%22null%5C%22%5D%22%2Cnull%2C%22generic%22%5D%5D%5D&
[ 2024-12-26 17:03:03,923 ]  Module: connectionpool.py | Function: _new_conn | Line No: 1049 -  DEBUG: Starting new HTTPS connection (1): translate.google.com:443
[ 2024-12-26 17:03:04,300 ]  Module: connectionpool.py | Function: _make_request | Line No: 544 -  DEBUG: https://translate.google.com:443 "POST /_/TranslateWebserverUi/data/batchexecute HTTP/1.1" 200 None
[ 2024-12-26 17:03:04,361 ]  Module: tts.py | Function: stream | Line No: 275 -  DEBUG: headers-0: {'Referer': 'http://translate.google.com/', 'User-Agent': 'Mozilla/5.0 (Windows NT 10.0; WOW64) AppleWebKit/537.36 (KHTML, like Gecko) Chrome/47.0.2526.106 Safari/537.36', 'Content-Type': 'application/x-www-form-urlencoded;charset=utf-8', 'Content-Length': '542'}
[ 2024-12-26 17:03:04,361 ]  Module: tts.py | Function: stream | Line No: 276 -  DEBUG: url-0: https://translate.google.com/_/TranslateWebserverUi/data/batchexecute
[ 2024-12-26 17:03:04,361 ]  Module: tts.py | Function: stream | Line No: 277 -  DEBUG: status-0: 200
[ 2024-12-26 17:03:04,362 ]  Module: tts.py | Function: write_to_fp | Line No: 318 -  DEBUG: part-0 written to <_io.BufferedWriter name='D:/personal/Personal_Projects/Anuwad-3/Backend\\static\\cbb5150c177c48d3b665c9a0e776531f.mp3'>
[ 2024-12-26 17:03:04,362 ]  Module: tts.py | Function: stream | Line No: 301 -  DEBUG: part-0 created
[ 2024-12-26 17:03:04,363 ]  Module: tts.py | Function: save | Line No: 337 -  DEBUG: Saved to D:/personal/Personal_Projects/Anuwad-3/Backend\static\cbb5150c177c48d3b665c9a0e776531f.mp3
[ 2024-12-26 17:03:04,364 ]  Module: _internal.py | Function: _log | Line No: 97 -  INFO: 127.0.0.1 - - [26/Dec/2024 17:03:04] "POST /stop_recording HTTP/1.1" 200 -
[ 2024-12-26 17:06:01,428 ]  Module: _internal.py | Function: _log | Line No: 97 -  INFO: 127.0.0.1 - - [26/Dec/2024 17:06:01] "OPTIONS /start_recording HTTP/1.1" 200 -
[ 2024-12-26 17:06:01,692 ]  Module: app.py | Function: start_recording | Line No: 56 -  INFO: inside start recording function !!
[ 2024-12-26 17:06:01,693 ]  Module: app.py | Function: record_audio | Line No: 41 -  INFO: inside record audio function !!!
[ 2024-12-26 17:06:01,693 ]  Module: _internal.py | Function: _log | Line No: 97 -  INFO: 127.0.0.1 - - [26/Dec/2024 17:06:01] "POST /start_recording HTTP/1.1" 200 -
[ 2024-12-26 17:06:06,205 ]  Module: _internal.py | Function: _log | Line No: 97 -  INFO: 127.0.0.1 - - [26/Dec/2024 17:06:06] "OPTIONS /stop_recording HTTP/1.1" 200 -
[ 2024-12-26 17:06:06,514 ]  Module: app.py | Function: stop_recording | Line No: 84 -  INFO: inside stop recording function !!
[ 2024-12-26 17:06:07,667 ]  Module: app.py | Function: stop_recording | Line No: 138 -  INFO: before indic call :
[ 2024-12-26 17:06:07,667 ]  Module: indic.py | Function: translate_text_indic | Line No: 28 -  INFO: inside indic translation :
[ 2024-12-26 17:06:08,467 ]  Module: app.py | Function: stop_recording | Line No: 141 -  INFO: after indic call :
[ 2024-12-26 17:06:08,467 ]  Module: tts.py | Function: __init__ | Line No: 130 -  DEBUG: text: \u0928\u092e\u094d\u0938\u091f\u0947 \u092e\u0947\u0930\u093e \u0928\u0945\u092e \u0936\u0941\u092d\u092e \u0939\u0948 
[ 2024-12-26 17:06:08,467 ]  Module: tts.py | Function: __init__ | Line No: 130 -  DEBUG: tld: com
[ 2024-12-26 17:06:08,467 ]  Module: tts.py | Function: __init__ | Line No: 130 -  DEBUG: lang: mr
[ 2024-12-26 17:06:08,467 ]  Module: tts.py | Function: __init__ | Line No: 130 -  DEBUG: slow: False
[ 2024-12-26 17:06:08,467 ]  Module: tts.py | Function: __init__ | Line No: 130 -  DEBUG: lang_check: True
[ 2024-12-26 17:06:08,467 ]  Module: tts.py | Function: __init__ | Line No: 130 -  DEBUG: pre_processor_funcs: [<function tone_marks at 0x000001C02AB3A980>, <function end_of_line at 0x000001C02AB3B7E0>, <function abbreviations at 0x000001C02AB3B740>, <function word_sub at 0x000001C02AB3B920>]
[ 2024-12-26 17:06:08,467 ]  Module: tts.py | Function: __init__ | Line No: 130 -  DEBUG: tokenizer_func: <bound method Tokenizer.run of re.compile('(?<=\\?).|(?<=!).|(?<=\uff1f).|(?<=\uff01).|(?<!\\.[a-z])\\. |(?<!\\.[a-z]), |(?<!\\d):|\\]|\\(|\\[|\uff1a|—|\u3002|\u2025|\\\n|¡|\u3001|¿|\\)|\u060c|;|…|\uff0c', re.IGNORECASE) from: [<function tone_marks at 0x000001C02AB3BB00>, <function period_comma at 0x000001C02AB3BBA0>, <function colon at 0x000001C02AB3BC40>, <function other_punctuation at 0x000001C02AB3BCE0>]>
[ 2024-12-26 17:06:08,467 ]  Module: tts.py | Function: __init__ | Line No: 130 -  DEBUG: timeout: None
[ 2024-12-26 17:06:08,467 ]  Module: lang.py | Function: tts_langs | Line No: 33 -  DEBUG: langs: {'af': 'Afrikaans', 'am': 'Amharic', 'ar': 'Arabic', 'bg': 'Bulgarian', 'bn': 'Bengali', 'bs': 'Bosnian', 'ca': 'Catalan', 'cs': 'Czech', 'cy': 'Welsh', 'da': 'Danish', 'de': 'German', 'el': 'Greek', 'en': 'English', 'es': 'Spanish', 'et': 'Estonian', 'eu': 'Basque', 'fi': 'Finnish', 'fr': 'French', 'fr-CA': 'French (Canada)', 'gl': 'Galician', 'gu': 'Gujarati', 'ha': 'Hausa', 'hi': 'Hindi', 'hr': 'Croatian', 'hu': 'Hungarian', 'id': 'Indonesian', 'is': 'Icelandic', 'it': 'Italian', 'iw': 'Hebrew', 'ja': 'Japanese', 'jw': 'Javanese', 'km': 'Khmer', 'kn': 'Kannada', 'ko': 'Korean', 'la': 'Latin', 'lt': 'Lithuanian', 'lv': 'Latvian', 'ml': 'Malayalam', 'mr': 'Marathi', 'ms': 'Malay', 'my': 'Myanmar (Burmese)', 'ne': 'Nepali', 'nl': 'Dutch', 'no': 'Norwegian', 'pa': 'Punjabi (Gurmukhi)', 'pl': 'Polish', 'pt': 'Portuguese (Brazil)', 'pt-PT': 'Portuguese (Portugal)', 'ro': 'Romanian', 'ru': 'Russian', 'si': 'Sinhala', 'sk': 'Slovak', 'sq': 'Albanian', 'sr': 'Serbian', 'su': 'Sundanese', 'sv': 'Swedish', 'sw': 'Swahili', 'ta': 'Tamil', 'te': 'Telugu', 'th': 'Thai', 'tl': 'Filipino', 'tr': 'Turkish', 'uk': 'Ukrainian', 'ur': 'Urdu', 'vi': 'Vietnamese', 'yue': 'Cantonese', 'zh-CN': 'Chinese (Simplified)', 'zh-TW': 'Chinese (Mandarin/Taiwan)', 'zh': 'Chinese (Mandarin)'}
[ 2024-12-26 17:06:08,471 ]  Module: tts.py | Function: _tokenize | Line No: 173 -  DEBUG: pre-processing: <function tone_marks at 0x000001C02AB3A980>
[ 2024-12-26 17:06:08,471 ]  Module: tts.py | Function: _tokenize | Line No: 173 -  DEBUG: pre-processing: <function end_of_line at 0x000001C02AB3B7E0>
[ 2024-12-26 17:06:08,471 ]  Module: tts.py | Function: _tokenize | Line No: 173 -  DEBUG: pre-processing: <function abbreviations at 0x000001C02AB3B740>
[ 2024-12-26 17:06:08,471 ]  Module: tts.py | Function: _tokenize | Line No: 173 -  DEBUG: pre-processing: <function word_sub at 0x000001C02AB3B920>
[ 2024-12-26 17:06:08,472 ]  Module: tts.py | Function: _prepare_requests | Line No: 208 -  DEBUG: text_parts: ['\u0928\u092e\u094d\u0938\u091f\u0947 \u092e\u0947\u0930\u093e \u0928\u0945\u092e \u0936\u0941\u092d\u092e \u0939\u0948']
[ 2024-12-26 17:06:08,472 ]  Module: tts.py | Function: _prepare_requests | Line No: 209 -  DEBUG: text_parts: 1
[ 2024-12-26 17:06:08,472 ]  Module: tts.py | Function: _prepare_requests | Line No: 216 -  DEBUG: data-0: f.req=%5B%5B%5B%22jQ1olc%22%2C%22%5B%5C%22%5C%5Cu0928%5C%5Cu092e%5C%5Cu094d%5C%5Cu0938%5C%5Cu091f%5C%5Cu0947%20%5C%5Cu092e%5C%5Cu0947%5C%5Cu0930%5C%5Cu093e%20%5C%5Cu0928%5C%5Cu0945%5C%5Cu092e%20%5C%5Cu0936%5C%5Cu0941%5C%5Cu092d%5C%5Cu092e%20%5C%5Cu0939%5C%5Cu0948%5C%22%2C%5C%22mr%5C%22%2Cnull%2C%5C%22null%5C%22%5D%22%2Cnull%2C%22generic%22%5D%5D%5D&
[ 2024-12-26 17:06:08,472 ]  Module: connectionpool.py | Function: _new_conn | Line No: 1049 -  DEBUG: Starting new HTTPS connection (1): translate.google.com:443
[ 2024-12-26 17:06:08,801 ]  Module: connectionpool.py | Function: _make_request | Line No: 544 -  DEBUG: https://translate.google.com:443 "POST /_/TranslateWebserverUi/data/batchexecute HTTP/1.1" 200 None
[ 2024-12-26 17:06:08,843 ]  Module: tts.py | Function: stream | Line No: 275 -  DEBUG: headers-0: {'Referer': 'http://translate.google.com/', 'User-Agent': 'Mozilla/5.0 (Windows NT 10.0; WOW64) AppleWebKit/537.36 (KHTML, like Gecko) Chrome/47.0.2526.106 Safari/537.36', 'Content-Type': 'application/x-www-form-urlencoded;charset=utf-8', 'Content-Length': '351'}
[ 2024-12-26 17:06:08,843 ]  Module: tts.py | Function: stream | Line No: 276 -  DEBUG: url-0: https://translate.google.com/_/TranslateWebserverUi/data/batchexecute
[ 2024-12-26 17:06:08,843 ]  Module: tts.py | Function: stream | Line No: 277 -  DEBUG: status-0: 200
[ 2024-12-26 17:06:08,844 ]  Module: tts.py | Function: write_to_fp | Line No: 318 -  DEBUG: part-0 written to <_io.BufferedWriter name='D:/personal/Personal_Projects/Anuwad-3/Backend\\static\\97d2161821e141099972307355188bbb.mp3'>
[ 2024-12-26 17:06:08,844 ]  Module: tts.py | Function: stream | Line No: 301 -  DEBUG: part-0 created
[ 2024-12-26 17:06:08,845 ]  Module: tts.py | Function: save | Line No: 337 -  DEBUG: Saved to D:/personal/Personal_Projects/Anuwad-3/Backend\static\97d2161821e141099972307355188bbb.mp3
[ 2024-12-26 17:06:08,846 ]  Module: _internal.py | Function: _log | Line No: 97 -  INFO: 127.0.0.1 - - [26/Dec/2024 17:06:08] "POST /stop_recording HTTP/1.1" 200 -
[ 2024-12-26 17:06:17,124 ]  Module: _internal.py | Function: _log | Line No: 97 -  INFO: 127.0.0.1 - - [26/Dec/2024 17:06:17] "OPTIONS /start_recording HTTP/1.1" 200 -
[ 2024-12-26 17:06:17,432 ]  Module: app.py | Function: start_recording | Line No: 56 -  INFO: inside start recording function !!
[ 2024-12-26 17:06:17,433 ]  Module: app.py | Function: record_audio | Line No: 41 -  INFO: inside record audio function !!!
[ 2024-12-26 17:06:17,434 ]  Module: _internal.py | Function: _log | Line No: 97 -  INFO: 127.0.0.1 - - [26/Dec/2024 17:06:17] "POST /start_recording HTTP/1.1" 200 -
[ 2024-12-26 17:06:20,169 ]  Module: _internal.py | Function: _log | Line No: 97 -  INFO: 127.0.0.1 - - [26/Dec/2024 17:06:20] "OPTIONS /stop_recording HTTP/1.1" 200 -
[ 2024-12-26 17:06:20,474 ]  Module: app.py | Function: stop_recording | Line No: 84 -  INFO: inside stop recording function !!
[ 2024-12-26 17:06:21,469 ]  Module: app.py | Function: stop_recording | Line No: 138 -  INFO: before indic call :
[ 2024-12-26 17:06:21,470 ]  Module: indic.py | Function: translate_text_indic | Line No: 28 -  INFO: inside indic translation :
[ 2024-12-26 17:06:22,352 ]  Module: app.py | Function: stop_recording | Line No: 141 -  INFO: after indic call :
[ 2024-12-26 17:06:22,352 ]  Module: tts.py | Function: __init__ | Line No: 130 -  DEBUG: text: \u0c28\u0c2e\u0c4d\u0c38\u0c1f\u0c47 \u0c2e\u0c47\u0c30\u0c3e \u0c28\u0c3e\u0c2e\u0c4d \u0c38\u0c41\u0c2c\u0c4d\u0c2e\u0c4d \u0c39\u0c48 
[ 2024-12-26 17:06:22,352 ]  Module: tts.py | Function: __init__ | Line No: 130 -  DEBUG: tld: com
[ 2024-12-26 17:06:22,353 ]  Module: tts.py | Function: __init__ | Line No: 130 -  DEBUG: lang: te
[ 2024-12-26 17:06:22,353 ]  Module: tts.py | Function: __init__ | Line No: 130 -  DEBUG: slow: False
[ 2024-12-26 17:06:22,353 ]  Module: tts.py | Function: __init__ | Line No: 130 -  DEBUG: lang_check: True
[ 2024-12-26 17:06:22,353 ]  Module: tts.py | Function: __init__ | Line No: 130 -  DEBUG: pre_processor_funcs: [<function tone_marks at 0x000001C02AB3A980>, <function end_of_line at 0x000001C02AB3B7E0>, <function abbreviations at 0x000001C02AB3B740>, <function word_sub at 0x000001C02AB3B920>]
[ 2024-12-26 17:06:22,353 ]  Module: tts.py | Function: __init__ | Line No: 130 -  DEBUG: tokenizer_func: <bound method Tokenizer.run of re.compile('(?<=\\?).|(?<=!).|(?<=\uff1f).|(?<=\uff01).|(?<!\\.[a-z])\\. |(?<!\\.[a-z]), |(?<!\\d):|\\]|\\(|\\[|\uff1a|—|\u3002|\u2025|\\\n|¡|\u3001|¿|\\)|\u060c|;|…|\uff0c', re.IGNORECASE) from: [<function tone_marks at 0x000001C02AB3BB00>, <function period_comma at 0x000001C02AB3BBA0>, <function colon at 0x000001C02AB3BC40>, <function other_punctuation at 0x000001C02AB3BCE0>]>
[ 2024-12-26 17:06:22,353 ]  Module: tts.py | Function: __init__ | Line No: 130 -  DEBUG: timeout: None
[ 2024-12-26 17:06:22,353 ]  Module: lang.py | Function: tts_langs | Line No: 33 -  DEBUG: langs: {'af': 'Afrikaans', 'am': 'Amharic', 'ar': 'Arabic', 'bg': 'Bulgarian', 'bn': 'Bengali', 'bs': 'Bosnian', 'ca': 'Catalan', 'cs': 'Czech', 'cy': 'Welsh', 'da': 'Danish', 'de': 'German', 'el': 'Greek', 'en': 'English', 'es': 'Spanish', 'et': 'Estonian', 'eu': 'Basque', 'fi': 'Finnish', 'fr': 'French', 'fr-CA': 'French (Canada)', 'gl': 'Galician', 'gu': 'Gujarati', 'ha': 'Hausa', 'hi': 'Hindi', 'hr': 'Croatian', 'hu': 'Hungarian', 'id': 'Indonesian', 'is': 'Icelandic', 'it': 'Italian', 'iw': 'Hebrew', 'ja': 'Japanese', 'jw': 'Javanese', 'km': 'Khmer', 'kn': 'Kannada', 'ko': 'Korean', 'la': 'Latin', 'lt': 'Lithuanian', 'lv': 'Latvian', 'ml': 'Malayalam', 'mr': 'Marathi', 'ms': 'Malay', 'my': 'Myanmar (Burmese)', 'ne': 'Nepali', 'nl': 'Dutch', 'no': 'Norwegian', 'pa': 'Punjabi (Gurmukhi)', 'pl': 'Polish', 'pt': 'Portuguese (Brazil)', 'pt-PT': 'Portuguese (Portugal)', 'ro': 'Romanian', 'ru': 'Russian', 'si': 'Sinhala', 'sk': 'Slovak', 'sq': 'Albanian', 'sr': 'Serbian', 'su': 'Sundanese', 'sv': 'Swedish', 'sw': 'Swahili', 'ta': 'Tamil', 'te': 'Telugu', 'th': 'Thai', 'tl': 'Filipino', 'tr': 'Turkish', 'uk': 'Ukrainian', 'ur': 'Urdu', 'vi': 'Vietnamese', 'yue': 'Cantonese', 'zh-CN': 'Chinese (Simplified)', 'zh-TW': 'Chinese (Mandarin/Taiwan)', 'zh': 'Chinese (Mandarin)'}
[ 2024-12-26 17:06:22,353 ]  Module: tts.py | Function: _tokenize | Line No: 173 -  DEBUG: pre-processing: <function tone_marks at 0x000001C02AB3A980>
[ 2024-12-26 17:06:22,353 ]  Module: tts.py | Function: _tokenize | Line No: 173 -  DEBUG: pre-processing: <function end_of_line at 0x000001C02AB3B7E0>
[ 2024-12-26 17:06:22,353 ]  Module: tts.py | Function: _tokenize | Line No: 173 -  DEBUG: pre-processing: <function abbreviations at 0x000001C02AB3B740>
[ 2024-12-26 17:06:22,353 ]  Module: tts.py | Function: _tokenize | Line No: 173 -  DEBUG: pre-processing: <function word_sub at 0x000001C02AB3B920>
[ 2024-12-26 17:06:22,353 ]  Module: tts.py | Function: _prepare_requests | Line No: 208 -  DEBUG: text_parts: ['\u0c28\u0c2e\u0c4d\u0c38\u0c1f\u0c47 \u0c2e\u0c47\u0c30\u0c3e \u0c28\u0c3e\u0c2e\u0c4d \u0c38\u0c41\u0c2c\u0c4d\u0c2e\u0c4d \u0c39\u0c48']
[ 2024-12-26 17:06:22,353 ]  Module: tts.py | Function: _prepare_requests | Line No: 209 -  DEBUG: text_parts: 1
[ 2024-12-26 17:06:22,354 ]  Module: tts.py | Function: _prepare_requests | Line No: 216 -  DEBUG: data-0: f.req=%5B%5B%5B%22jQ1olc%22%2C%22%5B%5C%22%5C%5Cu0c28%5C%5Cu0c2e%5C%5Cu0c4d%5C%5Cu0c38%5C%5Cu0c1f%5C%5Cu0c47%20%5C%5Cu0c2e%5C%5Cu0c47%5C%5Cu0c30%5C%5Cu0c3e%20%5C%5Cu0c28%5C%5Cu0c3e%5C%5Cu0c2e%5C%5Cu0c4d%20%5C%5Cu0c38%5C%5Cu0c41%5C%5Cu0c2c%5C%5Cu0c4d%5C%5Cu0c2e%5C%5Cu0c4d%20%5C%5Cu0c39%5C%5Cu0c48%5C%22%2C%5C%22te%5C%22%2Cnull%2C%5C%22null%5C%22%5D%22%2Cnull%2C%22generic%22%5D%5D%5D&
[ 2024-12-26 17:06:22,354 ]  Module: connectionpool.py | Function: _new_conn | Line No: 1049 -  DEBUG: Starting new HTTPS connection (1): translate.google.com:443
[ 2024-12-26 17:06:22,666 ]  Module: connectionpool.py | Function: _make_request | Line No: 544 -  DEBUG: https://translate.google.com:443 "POST /_/TranslateWebserverUi/data/batchexecute HTTP/1.1" 200 None
[ 2024-12-26 17:06:22,717 ]  Module: tts.py | Function: stream | Line No: 275 -  DEBUG: headers-0: {'Referer': 'http://translate.google.com/', 'User-Agent': 'Mozilla/5.0 (Windows NT 10.0; WOW64) AppleWebKit/537.36 (KHTML, like Gecko) Chrome/47.0.2526.106 Safari/537.36', 'Content-Type': 'application/x-www-form-urlencoded;charset=utf-8', 'Content-Length': '384'}
[ 2024-12-26 17:06:22,718 ]  Module: tts.py | Function: stream | Line No: 276 -  DEBUG: url-0: https://translate.google.com/_/TranslateWebserverUi/data/batchexecute
[ 2024-12-26 17:06:22,718 ]  Module: tts.py | Function: stream | Line No: 277 -  DEBUG: status-0: 200
[ 2024-12-26 17:06:22,719 ]  Module: tts.py | Function: write_to_fp | Line No: 318 -  DEBUG: part-0 written to <_io.BufferedWriter name='D:/personal/Personal_Projects/Anuwad-3/Backend\\static\\e4060f8657cf4d0a8e0bbb9070f54907.mp3'>
[ 2024-12-26 17:06:22,719 ]  Module: tts.py | Function: stream | Line No: 301 -  DEBUG: part-0 created
[ 2024-12-26 17:06:22,720 ]  Module: tts.py | Function: save | Line No: 337 -  DEBUG: Saved to D:/personal/Personal_Projects/Anuwad-3/Backend\static\e4060f8657cf4d0a8e0bbb9070f54907.mp3
[ 2024-12-26 17:06:22,721 ]  Module: _internal.py | Function: _log | Line No: 97 -  INFO: 127.0.0.1 - - [26/Dec/2024 17:06:22] "POST /stop_recording HTTP/1.1" 200 -
[ 2024-12-26 17:06:25,562 ]  Module: _internal.py | Function: _log | Line No: 97 -  INFO: 127.0.0.1 - - [26/Dec/2024 17:06:25] "[35m[1mGET /static/e4060f8657cf4d0a8e0bbb9070f54907.mp3 HTTP/1.1[0m" 206 -
[ 2024-12-26 17:06:34,306 ]  Module: _internal.py | Function: _log | Line No: 97 -  INFO: 127.0.0.1 - - [26/Dec/2024 17:06:34] "OPTIONS /start_recording HTTP/1.1" 200 -
[ 2024-12-26 17:06:34,612 ]  Module: app.py | Function: start_recording | Line No: 56 -  INFO: inside start recording function !!
[ 2024-12-26 17:06:34,613 ]  Module: app.py | Function: record_audio | Line No: 41 -  INFO: inside record audio function !!!
[ 2024-12-26 17:06:34,614 ]  Module: _internal.py | Function: _log | Line No: 97 -  INFO: 127.0.0.1 - - [26/Dec/2024 17:06:34] "POST /start_recording HTTP/1.1" 200 -
[ 2024-12-26 17:06:39,146 ]  Module: _internal.py | Function: _log | Line No: 97 -  INFO: 127.0.0.1 - - [26/Dec/2024 17:06:39] "OPTIONS /stop_recording HTTP/1.1" 200 -
[ 2024-12-26 17:06:39,456 ]  Module: app.py | Function: stop_recording | Line No: 84 -  INFO: inside stop recording function !!
[ 2024-12-26 17:06:41,166 ]  Module: app.py | Function: stop_recording | Line No: 138 -  INFO: before indic call :
[ 2024-12-26 17:06:41,167 ]  Module: indic.py | Function: translate_text_indic | Line No: 28 -  INFO: inside indic translation :
[ 2024-12-26 17:06:42,528 ]  Module: app.py | Function: stop_recording | Line No: 84 -  INFO: inside stop recording function !!
[ 2024-12-26 17:06:42,529 ]  Module: _internal.py | Function: _log | Line No: 97 -  INFO: 127.0.0.1 - - [26/Dec/2024 17:06:42] "POST /stop_recording HTTP/1.1" 200 -
[ 2024-12-26 17:06:44,761 ]  Module: app.py | Function: stop_recording | Line No: 141 -  INFO: after indic call :
[ 2024-12-26 17:06:44,761 ]  Module: tts.py | Function: __init__ | Line No: 130 -  DEBUG: text: \u0928\u092e\u094d\u0938\u0915\u0930 \u0928\u092e\u094d\u0938\u091f\u0947 \u092e\u0947\u0930\u0940 \u0928\u092e\u094d\u0938\u091a\u0947 \u0928\u092e\u094d\u0938\u091a\u0947 \u0928\u092e\u094d\u0938\u091a\u0947 \u0928\u092e\u094d\u0938\u091a\u0947 \u0928\u092e\u094d\u0938\u091a\u0947 \u0928\u092e\u094d\u0938\u091a\u0947 \u0928\u092e\u094d\u0938\u091a\u0947 \u0928\u092e\u094d\u0938\u091a\u0947 \u0928\u092e\u094d\u0938\u091a\u0947 \u0928\u092e\u094d\u0938\u091a\u0947 \u0928\u092e\u094d\u0938\u091a\u0947 \u0928\u094d\u0938\u091a\u0947 \u0928\u094d\u0938\u091a\u0947 \u0928\u094d\u0938\u091a\u0947 
[ 2024-12-26 17:06:44,762 ]  Module: tts.py | Function: __init__ | Line No: 130 -  DEBUG: tld: com
[ 2024-12-26 17:06:44,762 ]  Module: tts.py | Function: __init__ | Line No: 130 -  DEBUG: lang: mr
[ 2024-12-26 17:06:44,762 ]  Module: tts.py | Function: __init__ | Line No: 130 -  DEBUG: slow: False
[ 2024-12-26 17:06:44,762 ]  Module: tts.py | Function: __init__ | Line No: 130 -  DEBUG: lang_check: True
[ 2024-12-26 17:06:44,762 ]  Module: tts.py | Function: __init__ | Line No: 130 -  DEBUG: pre_processor_funcs: [<function tone_marks at 0x000001C02AB3A980>, <function end_of_line at 0x000001C02AB3B7E0>, <function abbreviations at 0x000001C02AB3B740>, <function word_sub at 0x000001C02AB3B920>]
[ 2024-12-26 17:06:44,762 ]  Module: tts.py | Function: __init__ | Line No: 130 -  DEBUG: tokenizer_func: <bound method Tokenizer.run of re.compile('(?<=\\?).|(?<=!).|(?<=\uff1f).|(?<=\uff01).|(?<!\\.[a-z])\\. |(?<!\\.[a-z]), |(?<!\\d):|\\]|\\(|\\[|\uff1a|—|\u3002|\u2025|\\\n|¡|\u3001|¿|\\)|\u060c|;|…|\uff0c', re.IGNORECASE) from: [<function tone_marks at 0x000001C02AB3BB00>, <function period_comma at 0x000001C02AB3BBA0>, <function colon at 0x000001C02AB3BC40>, <function other_punctuation at 0x000001C02AB3BCE0>]>
[ 2024-12-26 17:06:44,762 ]  Module: tts.py | Function: __init__ | Line No: 130 -  DEBUG: timeout: None
[ 2024-12-26 17:06:44,762 ]  Module: lang.py | Function: tts_langs | Line No: 33 -  DEBUG: langs: {'af': 'Afrikaans', 'am': 'Amharic', 'ar': 'Arabic', 'bg': 'Bulgarian', 'bn': 'Bengali', 'bs': 'Bosnian', 'ca': 'Catalan', 'cs': 'Czech', 'cy': 'Welsh', 'da': 'Danish', 'de': 'German', 'el': 'Greek', 'en': 'English', 'es': 'Spanish', 'et': 'Estonian', 'eu': 'Basque', 'fi': 'Finnish', 'fr': 'French', 'fr-CA': 'French (Canada)', 'gl': 'Galician', 'gu': 'Gujarati', 'ha': 'Hausa', 'hi': 'Hindi', 'hr': 'Croatian', 'hu': 'Hungarian', 'id': 'Indonesian', 'is': 'Icelandic', 'it': 'Italian', 'iw': 'Hebrew', 'ja': 'Japanese', 'jw': 'Javanese', 'km': 'Khmer', 'kn': 'Kannada', 'ko': 'Korean', 'la': 'Latin', 'lt': 'Lithuanian', 'lv': 'Latvian', 'ml': 'Malayalam', 'mr': 'Marathi', 'ms': 'Malay', 'my': 'Myanmar (Burmese)', 'ne': 'Nepali', 'nl': 'Dutch', 'no': 'Norwegian', 'pa': 'Punjabi (Gurmukhi)', 'pl': 'Polish', 'pt': 'Portuguese (Brazil)', 'pt-PT': 'Portuguese (Portugal)', 'ro': 'Romanian', 'ru': 'Russian', 'si': 'Sinhala', 'sk': 'Slovak', 'sq': 'Albanian', 'sr': 'Serbian', 'su': 'Sundanese', 'sv': 'Swedish', 'sw': 'Swahili', 'ta': 'Tamil', 'te': 'Telugu', 'th': 'Thai', 'tl': 'Filipino', 'tr': 'Turkish', 'uk': 'Ukrainian', 'ur': 'Urdu', 'vi': 'Vietnamese', 'yue': 'Cantonese', 'zh-CN': 'Chinese (Simplified)', 'zh-TW': 'Chinese (Mandarin/Taiwan)', 'zh': 'Chinese (Mandarin)'}
[ 2024-12-26 17:06:44,766 ]  Module: tts.py | Function: _tokenize | Line No: 173 -  DEBUG: pre-processing: <function tone_marks at 0x000001C02AB3A980>
[ 2024-12-26 17:06:44,766 ]  Module: tts.py | Function: _tokenize | Line No: 173 -  DEBUG: pre-processing: <function end_of_line at 0x000001C02AB3B7E0>
[ 2024-12-26 17:06:44,766 ]  Module: tts.py | Function: _tokenize | Line No: 173 -  DEBUG: pre-processing: <function abbreviations at 0x000001C02AB3B740>
[ 2024-12-26 17:06:44,767 ]  Module: tts.py | Function: _tokenize | Line No: 173 -  DEBUG: pre-processing: <function word_sub at 0x000001C02AB3B920>
[ 2024-12-26 17:06:44,767 ]  Module: tts.py | Function: _tokenize | Line No: 180 -  DEBUG: tokenizing: <bound method Tokenizer.run of re.compile('(?<=\\?).|(?<=!).|(?<=\uff1f).|(?<=\uff01).|(?<!\\.[a-z])\\. |(?<!\\.[a-z]), |(?<!\\d):|\\]|\\(|\\[|\uff1a|—|\u3002|\u2025|\\\n|¡|\u3001|¿|\\)|\u060c|;|…|\uff0c', re.IGNORECASE) from: [<function tone_marks at 0x000001C02AB3BB00>, <function period_comma at 0x000001C02AB3BBA0>, <function colon at 0x000001C02AB3BC40>, <function other_punctuation at 0x000001C02AB3BCE0>]>
[ 2024-12-26 17:06:44,767 ]  Module: tts.py | Function: _prepare_requests | Line No: 208 -  DEBUG: text_parts: ['\u0928\u092e\u094d\u0938\u0915\u0930 \u0928\u092e\u094d\u0938\u091f\u0947 \u092e\u0947\u0930\u0940 \u0928\u092e\u094d\u0938\u091a\u0947 \u0928\u092e\u094d\u0938\u091a\u0947 \u0928\u092e\u094d\u0938\u091a\u0947 \u0928\u092e\u094d\u0938\u091a\u0947 \u0928\u092e\u094d\u0938\u091a\u0947 \u0928\u092e\u094d\u0938\u091a\u0947 \u0928\u092e\u094d\u0938\u091a\u0947 \u0928\u092e\u094d\u0938\u091a\u0947 \u0928\u092e\u094d\u0938\u091a\u0947 \u0928\u092e\u094d\u0938\u091a\u0947 \u0928\u092e\u094d\u0938\u091a\u0947', '\u0928\u094d\u0938\u091a\u0947 \u0928\u094d\u0938\u091a\u0947 \u0928\u094d\u0938\u091a\u0947']
[ 2024-12-26 17:06:44,767 ]  Module: tts.py | Function: _prepare_requests | Line No: 209 -  DEBUG: text_parts: 2
[ 2024-12-26 17:06:44,767 ]  Module: tts.py | Function: _prepare_requests | Line No: 216 -  DEBUG: data-0: f.req=%5B%5B%5B%22jQ1olc%22%2C%22%5B%5C%22%5C%5Cu0928%5C%5Cu092e%5C%5Cu094d%5C%5Cu0938%5C%5Cu0915%5C%5Cu0930%20%5C%5Cu0928%5C%5Cu092e%5C%5Cu094d%5C%5Cu0938%5C%5Cu091f%5C%5Cu0947%20%5C%5Cu092e%5C%5Cu0947%5C%5Cu0930%5C%5Cu0940%20%5C%5Cu0928%5C%5Cu092e%5C%5Cu094d%5C%5Cu0938%5C%5Cu091a%5C%5Cu0947%20%5C%5Cu0928%5C%5Cu092e%5C%5Cu094d%5C%5Cu0938%5C%5Cu091a%5C%5Cu0947%20%5C%5Cu0928%5C%5Cu092e%5C%5Cu094d%5C%5Cu0938%5C%5Cu091a%5C%5Cu0947%20%5C%5Cu0928%5C%5Cu092e%5C%5Cu094d%5C%5Cu0938%5C%5Cu091a%5C%5Cu0947%20%5C%5Cu0928%5C%5Cu092e%5C%5Cu094d%5C%5Cu0938%5C%5Cu091a%5C%5Cu0947%20%5C%5Cu0928%5C%5Cu092e%5C%5Cu094d%5C%5Cu0938%5C%5Cu091a%5C%5Cu0947%20%5C%5Cu0928%5C%5Cu092e%5C%5Cu094d%5C%5Cu0938%5C%5Cu091a%5C%5Cu0947%20%5C%5Cu0928%5C%5Cu092e%5C%5Cu094d%5C%5Cu0938%5C%5Cu091a%5C%5Cu0947%20%5C%5Cu0928%5C%5Cu092e%5C%5Cu094d%5C%5Cu0938%5C%5Cu091a%5C%5Cu0947%20%5C%5Cu0928%5C%5Cu092e%5C%5Cu094d%5C%5Cu0938%5C%5Cu091a%5C%5Cu0947%20%5C%5Cu0928%5C%5Cu092e%5C%5Cu094d%5C%5Cu0938%5C%5Cu091a%5C%5Cu0947%5C%22%2C%5C%22mr%5C%22%2Cnull%2C%5C%22null%5C%22%5D%22%2Cnull%2C%22generic%22%5D%5D%5D&
[ 2024-12-26 17:06:44,767 ]  Module: tts.py | Function: _prepare_requests | Line No: 216 -  DEBUG: data-1: f.req=%5B%5B%5B%22jQ1olc%22%2C%22%5B%5C%22%5C%5Cu0928%5C%5Cu094d%5C%5Cu0938%5C%5Cu091a%5C%5Cu0947%20%5C%5Cu0928%5C%5Cu094d%5C%5Cu0938%5C%5Cu091a%5C%5Cu0947%20%5C%5Cu0928%5C%5Cu094d%5C%5Cu0938%5C%5Cu091a%5C%5Cu0947%5C%22%2C%5C%22mr%5C%22%2Cnull%2C%5C%22null%5C%22%5D%22%2Cnull%2C%22generic%22%5D%5D%5D&
[ 2024-12-26 17:06:44,768 ]  Module: connectionpool.py | Function: _new_conn | Line No: 1049 -  DEBUG: Starting new HTTPS connection (1): translate.google.com:443
[ 2024-12-26 17:06:45,190 ]  Module: connectionpool.py | Function: _make_request | Line No: 544 -  DEBUG: https://translate.google.com:443 "POST /_/TranslateWebserverUi/data/batchexecute HTTP/1.1" 200 None
[ 2024-12-26 17:06:45,340 ]  Module: tts.py | Function: stream | Line No: 275 -  DEBUG: headers-0: {'Referer': 'http://translate.google.com/', 'User-Agent': 'Mozilla/5.0 (Windows NT 10.0; WOW64) AppleWebKit/537.36 (KHTML, like Gecko) Chrome/47.0.2526.106 Safari/537.36', 'Content-Type': 'application/x-www-form-urlencoded;charset=utf-8', 'Content-Length': '1071'}
[ 2024-12-26 17:06:45,340 ]  Module: tts.py | Function: stream | Line No: 276 -  DEBUG: url-0: https://translate.google.com/_/TranslateWebserverUi/data/batchexecute
[ 2024-12-26 17:06:45,340 ]  Module: tts.py | Function: stream | Line No: 277 -  DEBUG: status-0: 200
[ 2024-12-26 17:06:45,344 ]  Module: tts.py | Function: write_to_fp | Line No: 318 -  DEBUG: part-0 written to <_io.BufferedWriter name='D:/personal/Personal_Projects/Anuwad-3/Backend\\static\\7890a75c55f342cf9be2cb14416fdfc7.mp3'>
[ 2024-12-26 17:06:45,344 ]  Module: tts.py | Function: stream | Line No: 301 -  DEBUG: part-0 created
[ 2024-12-26 17:06:45,344 ]  Module: connectionpool.py | Function: _new_conn | Line No: 1049 -  DEBUG: Starting new HTTPS connection (1): translate.google.com:443
[ 2024-12-26 17:06:45,741 ]  Module: connectionpool.py | Function: _make_request | Line No: 544 -  DEBUG: https://translate.google.com:443 "POST /_/TranslateWebserverUi/data/batchexecute HTTP/1.1" 200 None
[ 2024-12-26 17:06:45,749 ]  Module: tts.py | Function: stream | Line No: 275 -  DEBUG: headers-1: {'Referer': 'http://translate.google.com/', 'User-Agent': 'Mozilla/5.0 (Windows NT 10.0; WOW64) AppleWebKit/537.36 (KHTML, like Gecko) Chrome/47.0.2526.106 Safari/537.36', 'Content-Type': 'application/x-www-form-urlencoded;charset=utf-8', 'Content-Length': '301'}
[ 2024-12-26 17:06:45,750 ]  Module: tts.py | Function: stream | Line No: 276 -  DEBUG: url-1: https://translate.google.com/_/TranslateWebserverUi/data/batchexecute
[ 2024-12-26 17:06:45,750 ]  Module: tts.py | Function: stream | Line No: 277 -  DEBUG: status-1: 200
[ 2024-12-26 17:06:45,751 ]  Module: tts.py | Function: write_to_fp | Line No: 318 -  DEBUG: part-1 written to <_io.BufferedWriter name='D:/personal/Personal_Projects/Anuwad-3/Backend\\static\\7890a75c55f342cf9be2cb14416fdfc7.mp3'>
[ 2024-12-26 17:06:45,751 ]  Module: tts.py | Function: stream | Line No: 301 -  DEBUG: part-1 created
[ 2024-12-26 17:06:45,752 ]  Module: tts.py | Function: save | Line No: 337 -  DEBUG: Saved to D:/personal/Personal_Projects/Anuwad-3/Backend\static\7890a75c55f342cf9be2cb14416fdfc7.mp3
[ 2024-12-26 17:06:45,753 ]  Module: _internal.py | Function: _log | Line No: 97 -  INFO: 127.0.0.1 - - [26/Dec/2024 17:06:45] "POST /stop_recording HTTP/1.1" 200 -
[ 2024-12-26 17:06:55,589 ]  Module: _internal.py | Function: _log | Line No: 97 -  INFO: 127.0.0.1 - - [26/Dec/2024 17:06:55] "OPTIONS /start_recording HTTP/1.1" 200 -
[ 2024-12-26 17:06:55,852 ]  Module: app.py | Function: start_recording | Line No: 56 -  INFO: inside start recording function !!
[ 2024-12-26 17:06:55,853 ]  Module: app.py | Function: record_audio | Line No: 41 -  INFO: inside record audio function !!!
[ 2024-12-26 17:06:55,854 ]  Module: _internal.py | Function: _log | Line No: 97 -  INFO: 127.0.0.1 - - [26/Dec/2024 17:06:55] "POST /start_recording HTTP/1.1" 200 -
[ 2024-12-26 17:07:03,127 ]  Module: _internal.py | Function: _log | Line No: 97 -  INFO: 127.0.0.1 - - [26/Dec/2024 17:07:03] "OPTIONS /stop_recording HTTP/1.1" 200 -
[ 2024-12-26 17:07:03,434 ]  Module: app.py | Function: stop_recording | Line No: 84 -  INFO: inside stop recording function !!
[ 2024-12-26 17:07:05,308 ]  Module: app.py | Function: stop_recording | Line No: 138 -  INFO: before indic call :
[ 2024-12-26 17:07:05,309 ]  Module: indic.py | Function: translate_text_indic | Line No: 28 -  INFO: inside indic translation :
[ 2024-12-26 17:07:07,568 ]  Module: app.py | Function: stop_recording | Line No: 84 -  INFO: inside stop recording function !!
[ 2024-12-26 17:07:07,568 ]  Module: _internal.py | Function: _log | Line No: 97 -  INFO: 127.0.0.1 - - [26/Dec/2024 17:07:07] "POST /stop_recording HTTP/1.1" 200 -
[ 2024-12-26 17:07:08,277 ]  Module: app.py | Function: stop_recording | Line No: 141 -  INFO: after indic call :
[ 2024-12-26 17:07:08,277 ]  Module: tts.py | Function: __init__ | Line No: 130 -  DEBUG: text: \u09a8\u09ae\u09b8\u09a4\u09c7 \u09ae\u09c7\u09b0\u09c7 \u09a8\u09be\u09ae \u09a8\u09be\u09ae \u09b6\u09c1\u09ad\u09ae \u09b9\u09c8 \u09ae\u09c1\u09ae\u09bf\u09a8\u09c7\u09b0 \u0995\u09be\u09b0\u09bf\u0995\u09c7\u099f \u0995\u09c7 \u0996\u09c7\u09b2 \u0995\u09c7 \u09b9\u09bf\u09b8\u09be\u09ac \u0995\u09c7 \u09b9\u09bf\u09b8\u09be\u09ac \u0995\u09c7 \u09b9\u09bf\u09b8\u09be\u09ac \u0995\u09c7 \u09b9\u09bf\u09b8\u09be\u09ac \u0995\u09c7 \u09b9\u09bf\u09b8\u09be\u09ac \u0995\u09c7 \u09b9\u09bf\u09b8\u09be\u09ac \u0995\u09c7 \u09b9\u09bf\u09b8\u09be\u09ac \u0995\u09c7 \u09b9\u09bf\u09b8\u09be\u09ac \u0995\u09c7 \u09b9\u09bf\u09b8\u09be\u09ac \u0995\u09c7 \u09b9\u09bf\u09b8\u09be\u09ac \u0995\u09c7 \u09b9\u09bf\u09b8\u09be\u09ac \u0995\u09c7 \u09b9\u09bf\u09b8\u09be\u09ac\u0964 
[ 2024-12-26 17:07:08,277 ]  Module: tts.py | Function: __init__ | Line No: 130 -  DEBUG: tld: com
[ 2024-12-26 17:07:08,277 ]  Module: tts.py | Function: __init__ | Line No: 130 -  DEBUG: lang: bn
[ 2024-12-26 17:07:08,277 ]  Module: tts.py | Function: __init__ | Line No: 130 -  DEBUG: slow: False
[ 2024-12-26 17:07:08,277 ]  Module: tts.py | Function: __init__ | Line No: 130 -  DEBUG: lang_check: True
[ 2024-12-26 17:07:08,277 ]  Module: tts.py | Function: __init__ | Line No: 130 -  DEBUG: pre_processor_funcs: [<function tone_marks at 0x000001C02AB3A980>, <function end_of_line at 0x000001C02AB3B7E0>, <function abbreviations at 0x000001C02AB3B740>, <function word_sub at 0x000001C02AB3B920>]
[ 2024-12-26 17:07:08,277 ]  Module: tts.py | Function: __init__ | Line No: 130 -  DEBUG: tokenizer_func: <bound method Tokenizer.run of re.compile('(?<=\\?).|(?<=!).|(?<=\uff1f).|(?<=\uff01).|(?<!\\.[a-z])\\. |(?<!\\.[a-z]), |(?<!\\d):|\\]|\\(|\\[|\uff1a|—|\u3002|\u2025|\\\n|¡|\u3001|¿|\\)|\u060c|;|…|\uff0c', re.IGNORECASE) from: [<function tone_marks at 0x000001C02AB3BB00>, <function period_comma at 0x000001C02AB3BBA0>, <function colon at 0x000001C02AB3BC40>, <function other_punctuation at 0x000001C02AB3BCE0>]>
[ 2024-12-26 17:07:08,277 ]  Module: tts.py | Function: __init__ | Line No: 130 -  DEBUG: timeout: None
[ 2024-12-26 17:07:08,277 ]  Module: lang.py | Function: tts_langs | Line No: 33 -  DEBUG: langs: {'af': 'Afrikaans', 'am': 'Amharic', 'ar': 'Arabic', 'bg': 'Bulgarian', 'bn': 'Bengali', 'bs': 'Bosnian', 'ca': 'Catalan', 'cs': 'Czech', 'cy': 'Welsh', 'da': 'Danish', 'de': 'German', 'el': 'Greek', 'en': 'English', 'es': 'Spanish', 'et': 'Estonian', 'eu': 'Basque', 'fi': 'Finnish', 'fr': 'French', 'fr-CA': 'French (Canada)', 'gl': 'Galician', 'gu': 'Gujarati', 'ha': 'Hausa', 'hi': 'Hindi', 'hr': 'Croatian', 'hu': 'Hungarian', 'id': 'Indonesian', 'is': 'Icelandic', 'it': 'Italian', 'iw': 'Hebrew', 'ja': 'Japanese', 'jw': 'Javanese', 'km': 'Khmer', 'kn': 'Kannada', 'ko': 'Korean', 'la': 'Latin', 'lt': 'Lithuanian', 'lv': 'Latvian', 'ml': 'Malayalam', 'mr': 'Marathi', 'ms': 'Malay', 'my': 'Myanmar (Burmese)', 'ne': 'Nepali', 'nl': 'Dutch', 'no': 'Norwegian', 'pa': 'Punjabi (Gurmukhi)', 'pl': 'Polish', 'pt': 'Portuguese (Brazil)', 'pt-PT': 'Portuguese (Portugal)', 'ro': 'Romanian', 'ru': 'Russian', 'si': 'Sinhala', 'sk': 'Slovak', 'sq': 'Albanian', 'sr': 'Serbian', 'su': 'Sundanese', 'sv': 'Swedish', 'sw': 'Swahili', 'ta': 'Tamil', 'te': 'Telugu', 'th': 'Thai', 'tl': 'Filipino', 'tr': 'Turkish', 'uk': 'Ukrainian', 'ur': 'Urdu', 'vi': 'Vietnamese', 'yue': 'Cantonese', 'zh-CN': 'Chinese (Simplified)', 'zh-TW': 'Chinese (Mandarin/Taiwan)', 'zh': 'Chinese (Mandarin)'}
[ 2024-12-26 17:07:08,278 ]  Module: tts.py | Function: _tokenize | Line No: 173 -  DEBUG: pre-processing: <function tone_marks at 0x000001C02AB3A980>
[ 2024-12-26 17:07:08,278 ]  Module: tts.py | Function: _tokenize | Line No: 173 -  DEBUG: pre-processing: <function end_of_line at 0x000001C02AB3B7E0>
[ 2024-12-26 17:07:08,278 ]  Module: tts.py | Function: _tokenize | Line No: 173 -  DEBUG: pre-processing: <function abbreviations at 0x000001C02AB3B740>
[ 2024-12-26 17:07:08,278 ]  Module: tts.py | Function: _tokenize | Line No: 173 -  DEBUG: pre-processing: <function word_sub at 0x000001C02AB3B920>
[ 2024-12-26 17:07:08,279 ]  Module: tts.py | Function: _tokenize | Line No: 180 -  DEBUG: tokenizing: <bound method Tokenizer.run of re.compile('(?<=\\?).|(?<=!).|(?<=\uff1f).|(?<=\uff01).|(?<!\\.[a-z])\\. |(?<!\\.[a-z]), |(?<!\\d):|\\]|\\(|\\[|\uff1a|—|\u3002|\u2025|\\\n|¡|\u3001|¿|\\)|\u060c|;|…|\uff0c', re.IGNORECASE) from: [<function tone_marks at 0x000001C02AB3BB00>, <function period_comma at 0x000001C02AB3BBA0>, <function colon at 0x000001C02AB3BC40>, <function other_punctuation at 0x000001C02AB3BCE0>]>
[ 2024-12-26 17:07:08,279 ]  Module: tts.py | Function: _prepare_requests | Line No: 208 -  DEBUG: text_parts: ['\u09a8\u09ae\u09b8\u09a4\u09c7 \u09ae\u09c7\u09b0\u09c7 \u09a8\u09be\u09ae \u09a8\u09be\u09ae \u09b6\u09c1\u09ad\u09ae \u09b9\u09c8 \u09ae\u09c1\u09ae\u09bf\u09a8\u09c7\u09b0 \u0995\u09be\u09b0\u09bf\u0995\u09c7\u099f \u0995\u09c7 \u0996\u09c7\u09b2 \u0995\u09c7 \u09b9\u09bf\u09b8\u09be\u09ac \u0995\u09c7 \u09b9\u09bf\u09b8\u09be\u09ac \u0995\u09c7 \u09b9\u09bf\u09b8\u09be\u09ac \u0995\u09c7 \u09b9\u09bf\u09b8\u09be\u09ac \u0995\u09c7 \u09b9\u09bf\u09b8\u09be\u09ac \u0995\u09c7', '\u09b9\u09bf\u09b8\u09be\u09ac \u0995\u09c7 \u09b9\u09bf\u09b8\u09be\u09ac \u0995\u09c7 \u09b9\u09bf\u09b8\u09be\u09ac \u0995\u09c7 \u09b9\u09bf\u09b8\u09be\u09ac \u0995\u09c7 \u09b9\u09bf\u09b8\u09be\u09ac \u0995\u09c7 \u09b9\u09bf\u09b8\u09be\u09ac \u0995\u09c7 \u09b9\u09bf\u09b8\u09be\u09ac\u0964']
[ 2024-12-26 17:07:08,279 ]  Module: tts.py | Function: _prepare_requests | Line No: 209 -  DEBUG: text_parts: 2
[ 2024-12-26 17:07:08,279 ]  Module: tts.py | Function: _prepare_requests | Line No: 216 -  DEBUG: data-0: f.req=%5B%5B%5B%22jQ1olc%22%2C%22%5B%5C%22%5C%5Cu09a8%5C%5Cu09ae%5C%5Cu09b8%5C%5Cu09a4%5C%5Cu09c7%20%5C%5Cu09ae%5C%5Cu09c7%5C%5Cu09b0%5C%5Cu09c7%20%5C%5Cu09a8%5C%5Cu09be%5C%5Cu09ae%20%5C%5Cu09a8%5C%5Cu09be%5C%5Cu09ae%20%5C%5Cu09b6%5C%5Cu09c1%5C%5Cu09ad%5C%5Cu09ae%20%5C%5Cu09b9%5C%5Cu09c8%20%5C%5Cu09ae%5C%5Cu09c1%5C%5Cu09ae%5C%5Cu09bf%5C%5Cu09a8%5C%5Cu09c7%5C%5Cu09b0%20%5C%5Cu0995%5C%5Cu09be%5C%5Cu09b0%5C%5Cu09bf%5C%5Cu0995%5C%5Cu09c7%5C%5Cu099f%20%5C%5Cu0995%5C%5Cu09c7%20%5C%5Cu0996%5C%5Cu09c7%5C%5Cu09b2%20%5C%5Cu0995%5C%5Cu09c7%20%5C%5Cu09b9%5C%5Cu09bf%5C%5Cu09b8%5C%5Cu09be%5C%5Cu09ac%20%5C%5Cu0995%5C%5Cu09c7%20%5C%5Cu09b9%5C%5Cu09bf%5C%5Cu09b8%5C%5Cu09be%5C%5Cu09ac%20%5C%5Cu0995%5C%5Cu09c7%20%5C%5Cu09b9%5C%5Cu09bf%5C%5Cu09b8%5C%5Cu09be%5C%5Cu09ac%20%5C%5Cu0995%5C%5Cu09c7%20%5C%5Cu09b9%5C%5Cu09bf%5C%5Cu09b8%5C%5Cu09be%5C%5Cu09ac%20%5C%5Cu0995%5C%5Cu09c7%20%5C%5Cu09b9%5C%5Cu09bf%5C%5Cu09b8%5C%5Cu09be%5C%5Cu09ac%20%5C%5Cu0995%5C%5Cu09c7%5C%22%2C%5C%22bn%5C%22%2Cnull%2C%5C%22null%5C%22%5D%22%2Cnull%2C%22generic%22%5D%5D%5D&
[ 2024-12-26 17:07:08,279 ]  Module: tts.py | Function: _prepare_requests | Line No: 216 -  DEBUG: data-1: f.req=%5B%5B%5B%22jQ1olc%22%2C%22%5B%5C%22%5C%5Cu09b9%5C%5Cu09bf%5C%5Cu09b8%5C%5Cu09be%5C%5Cu09ac%20%5C%5Cu0995%5C%5Cu09c7%20%5C%5Cu09b9%5C%5Cu09bf%5C%5Cu09b8%5C%5Cu09be%5C%5Cu09ac%20%5C%5Cu0995%5C%5Cu09c7%20%5C%5Cu09b9%5C%5Cu09bf%5C%5Cu09b8%5C%5Cu09be%5C%5Cu09ac%20%5C%5Cu0995%5C%5Cu09c7%20%5C%5Cu09b9%5C%5Cu09bf%5C%5Cu09b8%5C%5Cu09be%5C%5Cu09ac%20%5C%5Cu0995%5C%5Cu09c7%20%5C%5Cu09b9%5C%5Cu09bf%5C%5Cu09b8%5C%5Cu09be%5C%5Cu09ac%20%5C%5Cu0995%5C%5Cu09c7%20%5C%5Cu09b9%5C%5Cu09bf%5C%5Cu09b8%5C%5Cu09be%5C%5Cu09ac%20%5C%5Cu0995%5C%5Cu09c7%20%5C%5Cu09b9%5C%5Cu09bf%5C%5Cu09b8%5C%5Cu09be%5C%5Cu09ac%5C%5Cu0964%5C%22%2C%5C%22bn%5C%22%2Cnull%2C%5C%22null%5C%22%5D%22%2Cnull%2C%22generic%22%5D%5D%5D&
[ 2024-12-26 17:07:08,279 ]  Module: connectionpool.py | Function: _new_conn | Line No: 1049 -  DEBUG: Starting new HTTPS connection (1): translate.google.com:443
[ 2024-12-26 17:07:08,754 ]  Module: connectionpool.py | Function: _make_request | Line No: 544 -  DEBUG: https://translate.google.com:443 "POST /_/TranslateWebserverUi/data/batchexecute HTTP/1.1" 200 None
[ 2024-12-26 17:07:08,899 ]  Module: tts.py | Function: stream | Line No: 275 -  DEBUG: headers-0: {'Referer': 'http://translate.google.com/', 'User-Agent': 'Mozilla/5.0 (Windows NT 10.0; WOW64) AppleWebKit/537.36 (KHTML, like Gecko) Chrome/47.0.2526.106 Safari/537.36', 'Content-Type': 'application/x-www-form-urlencoded;charset=utf-8', 'Content-Length': '1037'}
[ 2024-12-26 17:07:08,899 ]  Module: tts.py | Function: stream | Line No: 276 -  DEBUG: url-0: https://translate.google.com/_/TranslateWebserverUi/data/batchexecute
[ 2024-12-26 17:07:08,899 ]  Module: tts.py | Function: stream | Line No: 277 -  DEBUG: status-0: 200
[ 2024-12-26 17:07:08,903 ]  Module: tts.py | Function: write_to_fp | Line No: 318 -  DEBUG: part-0 written to <_io.BufferedWriter name='D:/personal/Personal_Projects/Anuwad-3/Backend\\static\\1cd7488d78da42c19bdac395cf24f397.mp3'>
[ 2024-12-26 17:07:08,903 ]  Module: tts.py | Function: stream | Line No: 301 -  DEBUG: part-0 created
[ 2024-12-26 17:07:08,903 ]  Module: connectionpool.py | Function: _new_conn | Line No: 1049 -  DEBUG: Starting new HTTPS connection (1): translate.google.com:443
[ 2024-12-26 17:07:09,277 ]  Module: connectionpool.py | Function: _make_request | Line No: 544 -  DEBUG: https://translate.google.com:443 "POST /_/TranslateWebserverUi/data/batchexecute HTTP/1.1" 200 None
[ 2024-12-26 17:07:09,357 ]  Module: tts.py | Function: stream | Line No: 275 -  DEBUG: headers-1: {'Referer': 'http://translate.google.com/', 'User-Agent': 'Mozilla/5.0 (Windows NT 10.0; WOW64) AppleWebKit/537.36 (KHTML, like Gecko) Chrome/47.0.2526.106 Safari/537.36', 'Content-Type': 'application/x-www-form-urlencoded;charset=utf-8', 'Content-Length': '694'}
[ 2024-12-26 17:07:09,357 ]  Module: tts.py | Function: stream | Line No: 276 -  DEBUG: url-1: https://translate.google.com/_/TranslateWebserverUi/data/batchexecute
[ 2024-12-26 17:07:09,358 ]  Module: tts.py | Function: stream | Line No: 277 -  DEBUG: status-1: 200
[ 2024-12-26 17:07:09,361 ]  Module: tts.py | Function: write_to_fp | Line No: 318 -  DEBUG: part-1 written to <_io.BufferedWriter name='D:/personal/Personal_Projects/Anuwad-3/Backend\\static\\1cd7488d78da42c19bdac395cf24f397.mp3'>
[ 2024-12-26 17:07:09,361 ]  Module: tts.py | Function: stream | Line No: 301 -  DEBUG: part-1 created
[ 2024-12-26 17:07:09,362 ]  Module: tts.py | Function: save | Line No: 337 -  DEBUG: Saved to D:/personal/Personal_Projects/Anuwad-3/Backend\static\1cd7488d78da42c19bdac395cf24f397.mp3
[ 2024-12-26 17:07:09,362 ]  Module: _internal.py | Function: _log | Line No: 97 -  INFO: 127.0.0.1 - - [26/Dec/2024 17:07:09] "POST /stop_recording HTTP/1.1" 200 -
[ 2024-12-26 17:07:14,518 ]  Module: _internal.py | Function: _log | Line No: 97 -  INFO: 127.0.0.1 - - [26/Dec/2024 17:07:14] "[35m[1mGET /static/64d09b846d64479586974311f185cb2e.wav HTTP/1.1[0m" 206 -
[ 2024-12-26 17:07:22,913 ]  Module: _internal.py | Function: _log | Line No: 97 -  INFO: 127.0.0.1 - - [26/Dec/2024 17:07:22] "[35m[1mGET /static/1cd7488d78da42c19bdac395cf24f397.mp3 HTTP/1.1[0m" 206 -
[ 2024-12-26 17:09:36,370 ]  Module: _internal.py | Function: _log | Line No: 97 -  INFO: 127.0.0.1 - - [26/Dec/2024 17:09:36] "OPTIONS /stop_recording HTTP/1.1" 200 -
[ 2024-12-26 17:09:36,635 ]  Module: app.py | Function: stop_recording | Line No: 84 -  INFO: inside stop recording function !!
[ 2024-12-26 17:09:36,636 ]  Module: _internal.py | Function: _log | Line No: 97 -  INFO: 127.0.0.1 - - [26/Dec/2024 17:09:36] "POST /stop_recording HTTP/1.1" 200 -
[ 2024-12-26 17:09:39,734 ]  Module: app.py | Function: stop_recording | Line No: 84 -  INFO: inside stop recording function !!
[ 2024-12-26 17:09:39,735 ]  Module: _internal.py | Function: _log | Line No: 97 -  INFO: 127.0.0.1 - - [26/Dec/2024 17:09:39] "POST /stop_recording HTTP/1.1" 200 -
[ 2024-12-26 17:10:20,306 ]  Module: _internal.py | Function: _log | Line No: 97 -  INFO: 127.0.0.1 - - [26/Dec/2024 17:10:20] "OPTIONS /start_recording HTTP/1.1" 200 -
[ 2024-12-26 17:10:20,572 ]  Module: app.py | Function: start_recording | Line No: 56 -  INFO: inside start recording function !!
[ 2024-12-26 17:10:20,573 ]  Module: app.py | Function: record_audio | Line No: 41 -  INFO: inside record audio function !!!
[ 2024-12-26 17:10:20,574 ]  Module: _internal.py | Function: _log | Line No: 97 -  INFO: 127.0.0.1 - - [26/Dec/2024 17:10:20] "POST /start_recording HTTP/1.1" 200 -
[ 2024-12-26 17:10:27,244 ]  Module: _internal.py | Function: _log | Line No: 97 -  INFO: 127.0.0.1 - - [26/Dec/2024 17:10:27] "OPTIONS /stop_recording HTTP/1.1" 200 -
[ 2024-12-26 17:10:27,552 ]  Module: app.py | Function: stop_recording | Line No: 84 -  INFO: inside stop recording function !!
[ 2024-12-26 17:10:29,300 ]  Module: app.py | Function: stop_recording | Line No: 138 -  INFO: before indic call :
[ 2024-12-26 17:10:29,301 ]  Module: indic.py | Function: translate_text_indic | Line No: 28 -  INFO: inside indic translation :
[ 2024-12-26 17:10:29,567 ]  Module: app.py | Function: stop_recording | Line No: 84 -  INFO: inside stop recording function !!
[ 2024-12-26 17:10:29,567 ]  Module: _internal.py | Function: _log | Line No: 97 -  INFO: 127.0.0.1 - - [26/Dec/2024 17:10:29] "POST /stop_recording HTTP/1.1" 200 -
[ 2024-12-26 17:10:41,542 ]  Module: app.py | Function: stop_recording | Line No: 141 -  INFO: after indic call :
[ 2024-12-26 17:10:41,542 ]  Module: tts.py | Function: __init__ | Line No: 130 -  DEBUG: text: "" "" "" "" "" "" "" "" "" "" "" "" "" "" "" "" "" "" "" "" "" "" "" "" "" "" "" "" "" "" "" "" "" "" "" "" "" "" "" "" "" "" "" "" "" "" "" "" "" "" "" "" "" "" "" "" "" "" "" "" "" "" "" "" "" 
[ 2024-12-26 17:10:41,542 ]  Module: tts.py | Function: __init__ | Line No: 130 -  DEBUG: tld: com
[ 2024-12-26 17:10:41,542 ]  Module: tts.py | Function: __init__ | Line No: 130 -  DEBUG: lang: bn
[ 2024-12-26 17:10:41,542 ]  Module: tts.py | Function: __init__ | Line No: 130 -  DEBUG: slow: False
[ 2024-12-26 17:10:41,542 ]  Module: tts.py | Function: __init__ | Line No: 130 -  DEBUG: lang_check: True
[ 2024-12-26 17:10:41,542 ]  Module: tts.py | Function: __init__ | Line No: 130 -  DEBUG: pre_processor_funcs: [<function tone_marks at 0x000001C02AB3A980>, <function end_of_line at 0x000001C02AB3B7E0>, <function abbreviations at 0x000001C02AB3B740>, <function word_sub at 0x000001C02AB3B920>]
[ 2024-12-26 17:10:41,543 ]  Module: tts.py | Function: __init__ | Line No: 130 -  DEBUG: tokenizer_func: <bound method Tokenizer.run of re.compile('(?<=\\?).|(?<=!).|(?<=\uff1f).|(?<=\uff01).|(?<!\\.[a-z])\\. |(?<!\\.[a-z]), |(?<!\\d):|\\]|\\(|\\[|\uff1a|—|\u3002|\u2025|\\\n|¡|\u3001|¿|\\)|\u060c|;|…|\uff0c', re.IGNORECASE) from: [<function tone_marks at 0x000001C02AB3BB00>, <function period_comma at 0x000001C02AB3BBA0>, <function colon at 0x000001C02AB3BC40>, <function other_punctuation at 0x000001C02AB3BCE0>]>
[ 2024-12-26 17:10:41,543 ]  Module: tts.py | Function: __init__ | Line No: 130 -  DEBUG: timeout: None
[ 2024-12-26 17:10:41,543 ]  Module: lang.py | Function: tts_langs | Line No: 33 -  DEBUG: langs: {'af': 'Afrikaans', 'am': 'Amharic', 'ar': 'Arabic', 'bg': 'Bulgarian', 'bn': 'Bengali', 'bs': 'Bosnian', 'ca': 'Catalan', 'cs': 'Czech', 'cy': 'Welsh', 'da': 'Danish', 'de': 'German', 'el': 'Greek', 'en': 'English', 'es': 'Spanish', 'et': 'Estonian', 'eu': 'Basque', 'fi': 'Finnish', 'fr': 'French', 'fr-CA': 'French (Canada)', 'gl': 'Galician', 'gu': 'Gujarati', 'ha': 'Hausa', 'hi': 'Hindi', 'hr': 'Croatian', 'hu': 'Hungarian', 'id': 'Indonesian', 'is': 'Icelandic', 'it': 'Italian', 'iw': 'Hebrew', 'ja': 'Japanese', 'jw': 'Javanese', 'km': 'Khmer', 'kn': 'Kannada', 'ko': 'Korean', 'la': 'Latin', 'lt': 'Lithuanian', 'lv': 'Latvian', 'ml': 'Malayalam', 'mr': 'Marathi', 'ms': 'Malay', 'my': 'Myanmar (Burmese)', 'ne': 'Nepali', 'nl': 'Dutch', 'no': 'Norwegian', 'pa': 'Punjabi (Gurmukhi)', 'pl': 'Polish', 'pt': 'Portuguese (Brazil)', 'pt-PT': 'Portuguese (Portugal)', 'ro': 'Romanian', 'ru': 'Russian', 'si': 'Sinhala', 'sk': 'Slovak', 'sq': 'Albanian', 'sr': 'Serbian', 'su': 'Sundanese', 'sv': 'Swedish', 'sw': 'Swahili', 'ta': 'Tamil', 'te': 'Telugu', 'th': 'Thai', 'tl': 'Filipino', 'tr': 'Turkish', 'uk': 'Ukrainian', 'ur': 'Urdu', 'vi': 'Vietnamese', 'yue': 'Cantonese', 'zh-CN': 'Chinese (Simplified)', 'zh-TW': 'Chinese (Mandarin/Taiwan)', 'zh': 'Chinese (Mandarin)'}
[ 2024-12-26 17:10:41,547 ]  Module: tts.py | Function: _tokenize | Line No: 173 -  DEBUG: pre-processing: <function tone_marks at 0x000001C02AB3A980>
[ 2024-12-26 17:10:41,547 ]  Module: tts.py | Function: _tokenize | Line No: 173 -  DEBUG: pre-processing: <function end_of_line at 0x000001C02AB3B7E0>
[ 2024-12-26 17:10:41,547 ]  Module: tts.py | Function: _tokenize | Line No: 173 -  DEBUG: pre-processing: <function abbreviations at 0x000001C02AB3B740>
[ 2024-12-26 17:10:41,547 ]  Module: tts.py | Function: _tokenize | Line No: 173 -  DEBUG: pre-processing: <function word_sub at 0x000001C02AB3B920>
[ 2024-12-26 17:10:41,547 ]  Module: tts.py | Function: _tokenize | Line No: 180 -  DEBUG: tokenizing: <bound method Tokenizer.run of re.compile('(?<=\\?).|(?<=!).|(?<=\uff1f).|(?<=\uff01).|(?<!\\.[a-z])\\. |(?<!\\.[a-z]), |(?<!\\d):|\\]|\\(|\\[|\uff1a|—|\u3002|\u2025|\\\n|¡|\u3001|¿|\\)|\u060c|;|…|\uff0c', re.IGNORECASE) from: [<function tone_marks at 0x000001C02AB3BB00>, <function period_comma at 0x000001C02AB3BBA0>, <function colon at 0x000001C02AB3BC40>, <function other_punctuation at 0x000001C02AB3BCE0>]>
[ 2024-12-26 17:10:41,547 ]  Module: tts.py | Function: _prepare_requests | Line No: 208 -  DEBUG: text_parts: ['"" "" "" "" "" "" "" "" "" "" "" "" "" "" "" "" "" "" "" "" "" "" "" "" "" "" "" "" "" "" "" "" ""', '"" "" "" "" "" "" "" "" "" "" "" "" "" "" "" "" "" "" "" "" "" "" "" "" "" "" "" "" "" "" "" ""']
[ 2024-12-26 17:10:41,547 ]  Module: tts.py | Function: _prepare_requests | Line No: 209 -  DEBUG: text_parts: 2
[ 2024-12-26 17:10:41,547 ]  Module: tts.py | Function: _prepare_requests | Line No: 216 -  DEBUG: data-0: f.req=%5B%5B%5B%22jQ1olc%22%2C%22%5B%5C%22%5C%5C%5C%22%5C%5C%5C%22%20%5C%5C%5C%22%5C%5C%5C%22%20%5C%5C%5C%22%5C%5C%5C%22%20%5C%5C%5C%22%5C%5C%5C%22%20%5C%5C%5C%22%5C%5C%5C%22%20%5C%5C%5C%22%5C%5C%5C%22%20%5C%5C%5C%22%5C%5C%5C%22%20%5C%5C%5C%22%5C%5C%5C%22%20%5C%5C%5C%22%5C%5C%5C%22%20%5C%5C%5C%22%5C%5C%5C%22%20%5C%5C%5C%22%5C%5C%5C%22%20%5C%5C%5C%22%5C%5C%5C%22%20%5C%5C%5C%22%5C%5C%5C%22%20%5C%5C%5C%22%5C%5C%5C%22%20%5C%5C%5C%22%5C%5C%5C%22%20%5C%5C%5C%22%5C%5C%5C%22%20%5C%5C%5C%22%5C%5C%5C%22%20%5C%5C%5C%22%5C%5C%5C%22%20%5C%5C%5C%22%5C%5C%5C%22%20%5C%5C%5C%22%5C%5C%5C%22%20%5C%5C%5C%22%5C%5C%5C%22%20%5C%5C%5C%22%5C%5C%5C%22%20%5C%5C%5C%22%5C%5C%5C%22%20%5C%5C%5C%22%5C%5C%5C%22%20%5C%5C%5C%22%5C%5C%5C%22%20%5C%5C%5C%22%5C%5C%5C%22%20%5C%5C%5C%22%5C%5C%5C%22%20%5C%5C%5C%22%5C%5C%5C%22%20%5C%5C%5C%22%5C%5C%5C%22%20%5C%5C%5C%22%5C%5C%5C%22%20%5C%5C%5C%22%5C%5C%5C%22%20%5C%5C%5C%22%5C%5C%5C%22%20%5C%5C%5C%22%5C%5C%5C%22%5C%22%2C%5C%22bn%5C%22%2Cnull%2C%5C%22null%5C%22%5D%22%2Cnull%2C%22generic%22%5D%5D%5D&
[ 2024-12-26 17:10:41,548 ]  Module: tts.py | Function: _prepare_requests | Line No: 216 -  DEBUG: data-1: f.req=%5B%5B%5B%22jQ1olc%22%2C%22%5B%5C%22%5C%5C%5C%22%5C%5C%5C%22%20%5C%5C%5C%22%5C%5C%5C%22%20%5C%5C%5C%22%5C%5C%5C%22%20%5C%5C%5C%22%5C%5C%5C%22%20%5C%5C%5C%22%5C%5C%5C%22%20%5C%5C%5C%22%5C%5C%5C%22%20%5C%5C%5C%22%5C%5C%5C%22%20%5C%5C%5C%22%5C%5C%5C%22%20%5C%5C%5C%22%5C%5C%5C%22%20%5C%5C%5C%22%5C%5C%5C%22%20%5C%5C%5C%22%5C%5C%5C%22%20%5C%5C%5C%22%5C%5C%5C%22%20%5C%5C%5C%22%5C%5C%5C%22%20%5C%5C%5C%22%5C%5C%5C%22%20%5C%5C%5C%22%5C%5C%5C%22%20%5C%5C%5C%22%5C%5C%5C%22%20%5C%5C%5C%22%5C%5C%5C%22%20%5C%5C%5C%22%5C%5C%5C%22%20%5C%5C%5C%22%5C%5C%5C%22%20%5C%5C%5C%22%5C%5C%5C%22%20%5C%5C%5C%22%5C%5C%5C%22%20%5C%5C%5C%22%5C%5C%5C%22%20%5C%5C%5C%22%5C%5C%5C%22%20%5C%5C%5C%22%5C%5C%5C%22%20%5C%5C%5C%22%5C%5C%5C%22%20%5C%5C%5C%22%5C%5C%5C%22%20%5C%5C%5C%22%5C%5C%5C%22%20%5C%5C%5C%22%5C%5C%5C%22%20%5C%5C%5C%22%5C%5C%5C%22%20%5C%5C%5C%22%5C%5C%5C%22%20%5C%5C%5C%22%5C%5C%5C%22%20%5C%5C%5C%22%5C%5C%5C%22%5C%22%2C%5C%22bn%5C%22%2Cnull%2C%5C%22null%5C%22%5D%22%2Cnull%2C%22generic%22%5D%5D%5D&
[ 2024-12-26 17:10:41,548 ]  Module: connectionpool.py | Function: _new_conn | Line No: 1049 -  DEBUG: Starting new HTTPS connection (1): translate.google.com:443
[ 2024-12-26 17:10:43,330 ]  Module: connectionpool.py | Function: _make_request | Line No: 544 -  DEBUG: https://translate.google.com:443 "POST /_/TranslateWebserverUi/data/batchexecute HTTP/1.1" 200 None
[ 2024-12-26 17:10:43,669 ]  Module: tts.py | Function: stream | Line No: 275 -  DEBUG: headers-0: {'Referer': 'http://translate.google.com/', 'User-Agent': 'Mozilla/5.0 (Windows NT 10.0; WOW64) AppleWebKit/537.36 (KHTML, like Gecko) Chrome/47.0.2526.106 Safari/537.36', 'Content-Type': 'application/x-www-form-urlencoded;charset=utf-8', 'Content-Length': '1018'}
[ 2024-12-26 17:10:43,669 ]  Module: tts.py | Function: stream | Line No: 276 -  DEBUG: url-0: https://translate.google.com/_/TranslateWebserverUi/data/batchexecute
[ 2024-12-26 17:10:43,669 ]  Module: tts.py | Function: stream | Line No: 277 -  DEBUG: status-0: 200
[ 2024-12-26 17:10:43,826 ]  Module: tts.py | Function: write_to_fp | Line No: 318 -  DEBUG: part-0 written to <_io.BufferedWriter name='D:/personal/Personal_Projects/Anuwad-3/Backend\\static\\f8d515c8b3704e25ace62dc8fcb43cae.mp3'>
[ 2024-12-26 17:10:43,826 ]  Module: tts.py | Function: stream | Line No: 301 -  DEBUG: part-0 created
[ 2024-12-26 17:10:43,827 ]  Module: connectionpool.py | Function: _new_conn | Line No: 1049 -  DEBUG: Starting new HTTPS connection (1): translate.google.com:443
[ 2024-12-26 17:10:45,324 ]  Module: connectionpool.py | Function: _make_request | Line No: 544 -  DEBUG: https://translate.google.com:443 "POST /_/TranslateWebserverUi/data/batchexecute HTTP/1.1" 200 None
[ 2024-12-26 17:10:45,684 ]  Module: tts.py | Function: stream | Line No: 275 -  DEBUG: headers-1: {'Referer': 'http://translate.google.com/', 'User-Agent': 'Mozilla/5.0 (Windows NT 10.0; WOW64) AppleWebKit/537.36 (KHTML, like Gecko) Chrome/47.0.2526.106 Safari/537.36', 'Content-Type': 'application/x-www-form-urlencoded;charset=utf-8', 'Content-Length': '991'}
[ 2024-12-26 17:10:45,684 ]  Module: tts.py | Function: stream | Line No: 276 -  DEBUG: url-1: https://translate.google.com/_/TranslateWebserverUi/data/batchexecute
[ 2024-12-26 17:10:45,684 ]  Module: tts.py | Function: stream | Line No: 277 -  DEBUG: status-1: 200
[ 2024-12-26 17:10:45,814 ]  Module: tts.py | Function: write_to_fp | Line No: 318 -  DEBUG: part-1 written to <_io.BufferedWriter name='D:/personal/Personal_Projects/Anuwad-3/Backend\\static\\f8d515c8b3704e25ace62dc8fcb43cae.mp3'>
[ 2024-12-26 17:10:45,814 ]  Module: tts.py | Function: stream | Line No: 301 -  DEBUG: part-1 created
[ 2024-12-26 17:10:45,815 ]  Module: tts.py | Function: save | Line No: 337 -  DEBUG: Saved to D:/personal/Personal_Projects/Anuwad-3/Backend\static\f8d515c8b3704e25ace62dc8fcb43cae.mp3
[ 2024-12-26 17:10:45,815 ]  Module: _internal.py | Function: _log | Line No: 97 -  INFO: 127.0.0.1 - - [26/Dec/2024 17:10:45] "POST /stop_recording HTTP/1.1" 200 -
[ 2024-12-26 17:11:02,615 ]  Module: _internal.py | Function: _log | Line No: 97 -  INFO: 127.0.0.1 - - [26/Dec/2024 17:11:02] "OPTIONS /start_recording HTTP/1.1" 200 -
[ 2024-12-26 17:11:02,881 ]  Module: app.py | Function: start_recording | Line No: 56 -  INFO: inside start recording function !!
[ 2024-12-26 17:11:02,882 ]  Module: app.py | Function: record_audio | Line No: 41 -  INFO: inside record audio function !!!
[ 2024-12-26 17:11:02,883 ]  Module: _internal.py | Function: _log | Line No: 97 -  INFO: 127.0.0.1 - - [26/Dec/2024 17:11:02] "POST /start_recording HTTP/1.1" 200 -
[ 2024-12-26 17:11:07,932 ]  Module: _internal.py | Function: _log | Line No: 97 -  INFO: 127.0.0.1 - - [26/Dec/2024 17:11:07] "OPTIONS /stop_recording HTTP/1.1" 200 -
[ 2024-12-26 17:11:08,242 ]  Module: app.py | Function: stop_recording | Line No: 84 -  INFO: inside stop recording function !!
[ 2024-12-26 17:11:09,668 ]  Module: app.py | Function: stop_recording | Line No: 138 -  INFO: before indic call :
[ 2024-12-26 17:11:09,668 ]  Module: indic.py | Function: translate_text_indic | Line No: 28 -  INFO: inside indic translation :
[ 2024-12-26 17:11:12,249 ]  Module: app.py | Function: stop_recording | Line No: 141 -  INFO: after indic call :
[ 2024-12-26 17:11:12,249 ]  Module: tts.py | Function: __init__ | Line No: 130 -  DEBUG: text: \u09a8\u09ae\u09b8\u09a4\u09c7 \u09ae\u09c7\u09b0\u09c7 \u09a8\u09be\u09ae \u09a8\u09be\u09ae \u09b6\u09c1\u09ad\u09ae \u09b9\u09c8 \u09ae\u09c1\u09ae\u09bf\u09a8\u09c7\u09b0 \u0995\u09be\u09b0\u09bf\u0995\u09c7\u099f \u0995\u09c7 \u0996\u09c7\u09b2 \u0995\u09c7 \u09b9\u09bf\u09b8\u09be\u09ac \u0995\u09c7 \u09b9\u09bf\u09b8\u09be\u09ac \u0995\u09c7 \u09b9\u09bf\u09b8\u09be\u09ac \u0995\u09c7 \u09b9\u09bf\u09b8\u09be\u09ac \u0995\u09c7 \u09b9\u09bf\u09b8\u09be\u09ac \u0995\u09c7 \u09b9\u09bf\u09b8\u09be\u09ac \u0995\u09c7 \u09b9\u09bf\u09b8\u09be\u09ac \u0995\u09c7 \u09b9\u09bf\u09b8\u09be\u09ac \u0995\u09c7 \u09b9\u09bf\u09b8\u09be\u09ac \u0995\u09c7 \u09b9\u09bf\u09b8\u09be\u09ac \u0995\u09c7 \u09b9\u09bf\u09b8\u09be\u09ac \u0995\u09c7 \u09b9\u09bf\u09b8\u09be\u09ac\u0964 
[ 2024-12-26 17:11:12,249 ]  Module: tts.py | Function: __init__ | Line No: 130 -  DEBUG: tld: com
[ 2024-12-26 17:11:12,249 ]  Module: tts.py | Function: __init__ | Line No: 130 -  DEBUG: lang: bn
[ 2024-12-26 17:11:12,249 ]  Module: tts.py | Function: __init__ | Line No: 130 -  DEBUG: slow: False
[ 2024-12-26 17:11:12,249 ]  Module: tts.py | Function: __init__ | Line No: 130 -  DEBUG: lang_check: True
[ 2024-12-26 17:11:12,249 ]  Module: tts.py | Function: __init__ | Line No: 130 -  DEBUG: pre_processor_funcs: [<function tone_marks at 0x000001C02AB3A980>, <function end_of_line at 0x000001C02AB3B7E0>, <function abbreviations at 0x000001C02AB3B740>, <function word_sub at 0x000001C02AB3B920>]
[ 2024-12-26 17:11:12,249 ]  Module: tts.py | Function: __init__ | Line No: 130 -  DEBUG: tokenizer_func: <bound method Tokenizer.run of re.compile('(?<=\\?).|(?<=!).|(?<=\uff1f).|(?<=\uff01).|(?<!\\.[a-z])\\. |(?<!\\.[a-z]), |(?<!\\d):|\\]|\\(|\\[|\uff1a|—|\u3002|\u2025|\\\n|¡|\u3001|¿|\\)|\u060c|;|…|\uff0c', re.IGNORECASE) from: [<function tone_marks at 0x000001C02AB3BB00>, <function period_comma at 0x000001C02AB3BBA0>, <function colon at 0x000001C02AB3BC40>, <function other_punctuation at 0x000001C02AB3BCE0>]>
[ 2024-12-26 17:11:12,249 ]  Module: tts.py | Function: __init__ | Line No: 130 -  DEBUG: timeout: None
[ 2024-12-26 17:11:12,250 ]  Module: lang.py | Function: tts_langs | Line No: 33 -  DEBUG: langs: {'af': 'Afrikaans', 'am': 'Amharic', 'ar': 'Arabic', 'bg': 'Bulgarian', 'bn': 'Bengali', 'bs': 'Bosnian', 'ca': 'Catalan', 'cs': 'Czech', 'cy': 'Welsh', 'da': 'Danish', 'de': 'German', 'el': 'Greek', 'en': 'English', 'es': 'Spanish', 'et': 'Estonian', 'eu': 'Basque', 'fi': 'Finnish', 'fr': 'French', 'fr-CA': 'French (Canada)', 'gl': 'Galician', 'gu': 'Gujarati', 'ha': 'Hausa', 'hi': 'Hindi', 'hr': 'Croatian', 'hu': 'Hungarian', 'id': 'Indonesian', 'is': 'Icelandic', 'it': 'Italian', 'iw': 'Hebrew', 'ja': 'Japanese', 'jw': 'Javanese', 'km': 'Khmer', 'kn': 'Kannada', 'ko': 'Korean', 'la': 'Latin', 'lt': 'Lithuanian', 'lv': 'Latvian', 'ml': 'Malayalam', 'mr': 'Marathi', 'ms': 'Malay', 'my': 'Myanmar (Burmese)', 'ne': 'Nepali', 'nl': 'Dutch', 'no': 'Norwegian', 'pa': 'Punjabi (Gurmukhi)', 'pl': 'Polish', 'pt': 'Portuguese (Brazil)', 'pt-PT': 'Portuguese (Portugal)', 'ro': 'Romanian', 'ru': 'Russian', 'si': 'Sinhala', 'sk': 'Slovak', 'sq': 'Albanian', 'sr': 'Serbian', 'su': 'Sundanese', 'sv': 'Swedish', 'sw': 'Swahili', 'ta': 'Tamil', 'te': 'Telugu', 'th': 'Thai', 'tl': 'Filipino', 'tr': 'Turkish', 'uk': 'Ukrainian', 'ur': 'Urdu', 'vi': 'Vietnamese', 'yue': 'Cantonese', 'zh-CN': 'Chinese (Simplified)', 'zh-TW': 'Chinese (Mandarin/Taiwan)', 'zh': 'Chinese (Mandarin)'}
[ 2024-12-26 17:11:12,250 ]  Module: tts.py | Function: _tokenize | Line No: 173 -  DEBUG: pre-processing: <function tone_marks at 0x000001C02AB3A980>
[ 2024-12-26 17:11:12,250 ]  Module: tts.py | Function: _tokenize | Line No: 173 -  DEBUG: pre-processing: <function end_of_line at 0x000001C02AB3B7E0>
[ 2024-12-26 17:11:12,250 ]  Module: tts.py | Function: _tokenize | Line No: 173 -  DEBUG: pre-processing: <function abbreviations at 0x000001C02AB3B740>
[ 2024-12-26 17:11:12,250 ]  Module: tts.py | Function: _tokenize | Line No: 173 -  DEBUG: pre-processing: <function word_sub at 0x000001C02AB3B920>
[ 2024-12-26 17:11:12,250 ]  Module: tts.py | Function: _tokenize | Line No: 180 -  DEBUG: tokenizing: <bound method Tokenizer.run of re.compile('(?<=\\?).|(?<=!).|(?<=\uff1f).|(?<=\uff01).|(?<!\\.[a-z])\\. |(?<!\\.[a-z]), |(?<!\\d):|\\]|\\(|\\[|\uff1a|—|\u3002|\u2025|\\\n|¡|\u3001|¿|\\)|\u060c|;|…|\uff0c', re.IGNORECASE) from: [<function tone_marks at 0x000001C02AB3BB00>, <function period_comma at 0x000001C02AB3BBA0>, <function colon at 0x000001C02AB3BC40>, <function other_punctuation at 0x000001C02AB3BCE0>]>
[ 2024-12-26 17:11:12,250 ]  Module: tts.py | Function: _prepare_requests | Line No: 208 -  DEBUG: text_parts: ['\u09a8\u09ae\u09b8\u09a4\u09c7 \u09ae\u09c7\u09b0\u09c7 \u09a8\u09be\u09ae \u09a8\u09be\u09ae \u09b6\u09c1\u09ad\u09ae \u09b9\u09c8 \u09ae\u09c1\u09ae\u09bf\u09a8\u09c7\u09b0 \u0995\u09be\u09b0\u09bf\u0995\u09c7\u099f \u0995\u09c7 \u0996\u09c7\u09b2 \u0995\u09c7 \u09b9\u09bf\u09b8\u09be\u09ac \u0995\u09c7 \u09b9\u09bf\u09b8\u09be\u09ac \u0995\u09c7 \u09b9\u09bf\u09b8\u09be\u09ac \u0995\u09c7 \u09b9\u09bf\u09b8\u09be\u09ac \u0995\u09c7 \u09b9\u09bf\u09b8\u09be\u09ac \u0995\u09c7', '\u09b9\u09bf\u09b8\u09be\u09ac \u0995\u09c7 \u09b9\u09bf\u09b8\u09be\u09ac \u0995\u09c7 \u09b9\u09bf\u09b8\u09be\u09ac \u0995\u09c7 \u09b9\u09bf\u09b8\u09be\u09ac \u0995\u09c7 \u09b9\u09bf\u09b8\u09be\u09ac \u0995\u09c7 \u09b9\u09bf\u09b8\u09be\u09ac \u0995\u09c7 \u09b9\u09bf\u09b8\u09be\u09ac\u0964']
[ 2024-12-26 17:11:12,250 ]  Module: tts.py | Function: _prepare_requests | Line No: 209 -  DEBUG: text_parts: 2
[ 2024-12-26 17:11:12,250 ]  Module: tts.py | Function: _prepare_requests | Line No: 216 -  DEBUG: data-0: f.req=%5B%5B%5B%22jQ1olc%22%2C%22%5B%5C%22%5C%5Cu09a8%5C%5Cu09ae%5C%5Cu09b8%5C%5Cu09a4%5C%5Cu09c7%20%5C%5Cu09ae%5C%5Cu09c7%5C%5Cu09b0%5C%5Cu09c7%20%5C%5Cu09a8%5C%5Cu09be%5C%5Cu09ae%20%5C%5Cu09a8%5C%5Cu09be%5C%5Cu09ae%20%5C%5Cu09b6%5C%5Cu09c1%5C%5Cu09ad%5C%5Cu09ae%20%5C%5Cu09b9%5C%5Cu09c8%20%5C%5Cu09ae%5C%5Cu09c1%5C%5Cu09ae%5C%5Cu09bf%5C%5Cu09a8%5C%5Cu09c7%5C%5Cu09b0%20%5C%5Cu0995%5C%5Cu09be%5C%5Cu09b0%5C%5Cu09bf%5C%5Cu0995%5C%5Cu09c7%5C%5Cu099f%20%5C%5Cu0995%5C%5Cu09c7%20%5C%5Cu0996%5C%5Cu09c7%5C%5Cu09b2%20%5C%5Cu0995%5C%5Cu09c7%20%5C%5Cu09b9%5C%5Cu09bf%5C%5Cu09b8%5C%5Cu09be%5C%5Cu09ac%20%5C%5Cu0995%5C%5Cu09c7%20%5C%5Cu09b9%5C%5Cu09bf%5C%5Cu09b8%5C%5Cu09be%5C%5Cu09ac%20%5C%5Cu0995%5C%5Cu09c7%20%5C%5Cu09b9%5C%5Cu09bf%5C%5Cu09b8%5C%5Cu09be%5C%5Cu09ac%20%5C%5Cu0995%5C%5Cu09c7%20%5C%5Cu09b9%5C%5Cu09bf%5C%5Cu09b8%5C%5Cu09be%5C%5Cu09ac%20%5C%5Cu0995%5C%5Cu09c7%20%5C%5Cu09b9%5C%5Cu09bf%5C%5Cu09b8%5C%5Cu09be%5C%5Cu09ac%20%5C%5Cu0995%5C%5Cu09c7%5C%22%2C%5C%22bn%5C%22%2Cnull%2C%5C%22null%5C%22%5D%22%2Cnull%2C%22generic%22%5D%5D%5D&
[ 2024-12-26 17:11:12,251 ]  Module: tts.py | Function: _prepare_requests | Line No: 216 -  DEBUG: data-1: f.req=%5B%5B%5B%22jQ1olc%22%2C%22%5B%5C%22%5C%5Cu09b9%5C%5Cu09bf%5C%5Cu09b8%5C%5Cu09be%5C%5Cu09ac%20%5C%5Cu0995%5C%5Cu09c7%20%5C%5Cu09b9%5C%5Cu09bf%5C%5Cu09b8%5C%5Cu09be%5C%5Cu09ac%20%5C%5Cu0995%5C%5Cu09c7%20%5C%5Cu09b9%5C%5Cu09bf%5C%5Cu09b8%5C%5Cu09be%5C%5Cu09ac%20%5C%5Cu0995%5C%5Cu09c7%20%5C%5Cu09b9%5C%5Cu09bf%5C%5Cu09b8%5C%5Cu09be%5C%5Cu09ac%20%5C%5Cu0995%5C%5Cu09c7%20%5C%5Cu09b9%5C%5Cu09bf%5C%5Cu09b8%5C%5Cu09be%5C%5Cu09ac%20%5C%5Cu0995%5C%5Cu09c7%20%5C%5Cu09b9%5C%5Cu09bf%5C%5Cu09b8%5C%5Cu09be%5C%5Cu09ac%20%5C%5Cu0995%5C%5Cu09c7%20%5C%5Cu09b9%5C%5Cu09bf%5C%5Cu09b8%5C%5Cu09be%5C%5Cu09ac%5C%5Cu0964%5C%22%2C%5C%22bn%5C%22%2Cnull%2C%5C%22null%5C%22%5D%22%2Cnull%2C%22generic%22%5D%5D%5D&
[ 2024-12-26 17:11:12,251 ]  Module: connectionpool.py | Function: _new_conn | Line No: 1049 -  DEBUG: Starting new HTTPS connection (1): translate.google.com:443
[ 2024-12-26 17:11:12,802 ]  Module: connectionpool.py | Function: _make_request | Line No: 544 -  DEBUG: https://translate.google.com:443 "POST /_/TranslateWebserverUi/data/batchexecute HTTP/1.1" 200 None
[ 2024-12-26 17:11:12,948 ]  Module: tts.py | Function: stream | Line No: 275 -  DEBUG: headers-0: {'Referer': 'http://translate.google.com/', 'User-Agent': 'Mozilla/5.0 (Windows NT 10.0; WOW64) AppleWebKit/537.36 (KHTML, like Gecko) Chrome/47.0.2526.106 Safari/537.36', 'Content-Type': 'application/x-www-form-urlencoded;charset=utf-8', 'Content-Length': '1037'}
[ 2024-12-26 17:11:12,948 ]  Module: tts.py | Function: stream | Line No: 276 -  DEBUG: url-0: https://translate.google.com/_/TranslateWebserverUi/data/batchexecute
[ 2024-12-26 17:11:12,948 ]  Module: tts.py | Function: stream | Line No: 277 -  DEBUG: status-0: 200
[ 2024-12-26 17:11:12,950 ]  Module: tts.py | Function: write_to_fp | Line No: 318 -  DEBUG: part-0 written to <_io.BufferedWriter name='D:/personal/Personal_Projects/Anuwad-3/Backend\\static\\e43f9ce6b1a64ae1a00d00de6d3ac08d.mp3'>
[ 2024-12-26 17:11:12,950 ]  Module: tts.py | Function: stream | Line No: 301 -  DEBUG: part-0 created
[ 2024-12-26 17:11:12,951 ]  Module: connectionpool.py | Function: _new_conn | Line No: 1049 -  DEBUG: Starting new HTTPS connection (1): translate.google.com:443
[ 2024-12-26 17:11:13,436 ]  Module: connectionpool.py | Function: _make_request | Line No: 544 -  DEBUG: https://translate.google.com:443 "POST /_/TranslateWebserverUi/data/batchexecute HTTP/1.1" 200 None
[ 2024-12-26 17:11:13,537 ]  Module: tts.py | Function: stream | Line No: 275 -  DEBUG: headers-1: {'Referer': 'http://translate.google.com/', 'User-Agent': 'Mozilla/5.0 (Windows NT 10.0; WOW64) AppleWebKit/537.36 (KHTML, like Gecko) Chrome/47.0.2526.106 Safari/537.36', 'Content-Type': 'application/x-www-form-urlencoded;charset=utf-8', 'Content-Length': '694'}
[ 2024-12-26 17:11:13,537 ]  Module: tts.py | Function: stream | Line No: 276 -  DEBUG: url-1: https://translate.google.com/_/TranslateWebserverUi/data/batchexecute
[ 2024-12-26 17:11:13,537 ]  Module: tts.py | Function: stream | Line No: 277 -  DEBUG: status-1: 200
[ 2024-12-26 17:11:13,541 ]  Module: tts.py | Function: write_to_fp | Line No: 318 -  DEBUG: part-1 written to <_io.BufferedWriter name='D:/personal/Personal_Projects/Anuwad-3/Backend\\static\\e43f9ce6b1a64ae1a00d00de6d3ac08d.mp3'>
[ 2024-12-26 17:11:13,541 ]  Module: tts.py | Function: stream | Line No: 301 -  DEBUG: part-1 created
[ 2024-12-26 17:11:13,541 ]  Module: tts.py | Function: save | Line No: 337 -  DEBUG: Saved to D:/personal/Personal_Projects/Anuwad-3/Backend\static\e43f9ce6b1a64ae1a00d00de6d3ac08d.mp3
[ 2024-12-26 17:11:13,542 ]  Module: _internal.py | Function: _log | Line No: 97 -  INFO: 127.0.0.1 - - [26/Dec/2024 17:11:13] "POST /stop_recording HTTP/1.1" 200 -
[ 2024-12-26 17:11:28,277 ]  Module: _internal.py | Function: _log | Line No: 97 -  INFO: 127.0.0.1 - - [26/Dec/2024 17:11:28] "[35m[1mGET /static/e43f9ce6b1a64ae1a00d00de6d3ac08d.mp3 HTTP/1.1[0m" 206 -
[ 2024-12-26 17:11:49,105 ]  Module: _internal.py | Function: _log | Line No: 97 -  INFO: 127.0.0.1 - - [26/Dec/2024 17:11:49] "[35m[1mGET /static/afc412317ced49e0bdf8a04981b11cfe.wav HTTP/1.1[0m" 206 -
[ 2024-12-26 17:12:04,606 ]  Module: _internal.py | Function: _log | Line No: 97 -  INFO: 127.0.0.1 - - [26/Dec/2024 17:12:04] "OPTIONS /stop_recording HTTP/1.1" 200 -
[ 2024-12-26 17:12:04,913 ]  Module: app.py | Function: stop_recording | Line No: 84 -  INFO: inside stop recording function !!
[ 2024-12-26 17:12:04,913 ]  Module: _internal.py | Function: _log | Line No: 97 -  INFO: 127.0.0.1 - - [26/Dec/2024 17:12:04] "POST /stop_recording HTTP/1.1" 200 -
[ 2024-12-26 17:12:19,245 ]  Module: _internal.py | Function: _log | Line No: 97 -  INFO: 127.0.0.1 - - [26/Dec/2024 17:12:19] "OPTIONS /start_recording HTTP/1.1" 200 -
[ 2024-12-26 17:12:19,552 ]  Module: app.py | Function: start_recording | Line No: 56 -  INFO: inside start recording function !!
[ 2024-12-26 17:12:19,552 ]  Module: app.py | Function: record_audio | Line No: 41 -  INFO: inside record audio function !!!
[ 2024-12-26 17:12:19,553 ]  Module: _internal.py | Function: _log | Line No: 97 -  INFO: 127.0.0.1 - - [26/Dec/2024 17:12:19] "POST /start_recording HTTP/1.1" 200 -
[ 2024-12-26 17:12:26,796 ]  Module: _internal.py | Function: _log | Line No: 97 -  INFO: 127.0.0.1 - - [26/Dec/2024 17:12:26] "OPTIONS /stop_recording HTTP/1.1" 200 -
[ 2024-12-26 17:12:27,104 ]  Module: app.py | Function: stop_recording | Line No: 84 -  INFO: inside stop recording function !!
[ 2024-12-26 17:12:28,889 ]  Module: app.py | Function: stop_recording | Line No: 84 -  INFO: inside stop recording function !!
[ 2024-12-26 17:12:28,889 ]  Module: _internal.py | Function: _log | Line No: 97 -  INFO: 127.0.0.1 - - [26/Dec/2024 17:12:28] "POST /stop_recording HTTP/1.1" 200 -
[ 2024-12-26 17:12:29,384 ]  Module: app.py | Function: stop_recording | Line No: 138 -  INFO: before indic call :
[ 2024-12-26 17:12:29,384 ]  Module: indic.py | Function: translate_text_indic | Line No: 28 -  INFO: inside indic translation :
[ 2024-12-26 17:12:31,365 ]  Module: app.py | Function: stop_recording | Line No: 141 -  INFO: after indic call :
[ 2024-12-26 17:12:31,365 ]  Module: tts.py | Function: __init__ | Line No: 130 -  DEBUG: text: \u0bb5\u0ba3\u0b95\u0bcd\u0b95\u0bae\u0bcd \u0b8e\u0ba9\u0bcd \u0baa\u0bc6\u0baf\u0bb0\u0bcd \u0b9a\u0bc1\u0baa\u0bae\u0bcd, \u0ba8\u0bbe\u0ba9\u0bcd \u0baa\u0bc1\u0ba9\u0bc7\u0bb5\u0bc8\u0b9a\u0bcd \u0b9a\u0bc7\u0bb0\u0bcd\u0ba8\u0bcd\u0ba4\u0bb5\u0ba9\u0bcd, \u0ba4\u0bb1\u0bcd\u0baa\u0bcb\u0ba4\u0bc1 \u0ba8\u0bbe\u0ba9\u0bcd \u0ba4\u0bb0\u0bb5\u0bc1 \u0b85\u0bb1\u0bbf\u0bb5\u0bbf\u0baf\u0bb2\u0bbf\u0bb2\u0bcd \u0b87\u0bb3\u0b99\u0bcd\u0b95\u0bb2\u0bc8 \u0baa\u0b9f\u0bcd\u0b9f\u0bae\u0bcd \u0baa\u0bc6\u0bb1\u0bc1\u0b95\u0bbf\u0bb1\u0bc7\u0ba9\u0bcd. 
[ 2024-12-26 17:12:31,365 ]  Module: tts.py | Function: __init__ | Line No: 130 -  DEBUG: tld: com
[ 2024-12-26 17:12:31,365 ]  Module: tts.py | Function: __init__ | Line No: 130 -  DEBUG: lang: ta
[ 2024-12-26 17:12:31,365 ]  Module: tts.py | Function: __init__ | Line No: 130 -  DEBUG: slow: False
[ 2024-12-26 17:12:31,365 ]  Module: tts.py | Function: __init__ | Line No: 130 -  DEBUG: lang_check: True
[ 2024-12-26 17:12:31,365 ]  Module: tts.py | Function: __init__ | Line No: 130 -  DEBUG: pre_processor_funcs: [<function tone_marks at 0x000001C02AB3A980>, <function end_of_line at 0x000001C02AB3B7E0>, <function abbreviations at 0x000001C02AB3B740>, <function word_sub at 0x000001C02AB3B920>]
[ 2024-12-26 17:12:31,365 ]  Module: tts.py | Function: __init__ | Line No: 130 -  DEBUG: tokenizer_func: <bound method Tokenizer.run of re.compile('(?<=\\?).|(?<=!).|(?<=\uff1f).|(?<=\uff01).|(?<!\\.[a-z])\\. |(?<!\\.[a-z]), |(?<!\\d):|\\]|\\(|\\[|\uff1a|—|\u3002|\u2025|\\\n|¡|\u3001|¿|\\)|\u060c|;|…|\uff0c', re.IGNORECASE) from: [<function tone_marks at 0x000001C02AB3BB00>, <function period_comma at 0x000001C02AB3BBA0>, <function colon at 0x000001C02AB3BC40>, <function other_punctuation at 0x000001C02AB3BCE0>]>
[ 2024-12-26 17:12:31,365 ]  Module: tts.py | Function: __init__ | Line No: 130 -  DEBUG: timeout: None
[ 2024-12-26 17:12:31,365 ]  Module: lang.py | Function: tts_langs | Line No: 33 -  DEBUG: langs: {'af': 'Afrikaans', 'am': 'Amharic', 'ar': 'Arabic', 'bg': 'Bulgarian', 'bn': 'Bengali', 'bs': 'Bosnian', 'ca': 'Catalan', 'cs': 'Czech', 'cy': 'Welsh', 'da': 'Danish', 'de': 'German', 'el': 'Greek', 'en': 'English', 'es': 'Spanish', 'et': 'Estonian', 'eu': 'Basque', 'fi': 'Finnish', 'fr': 'French', 'fr-CA': 'French (Canada)', 'gl': 'Galician', 'gu': 'Gujarati', 'ha': 'Hausa', 'hi': 'Hindi', 'hr': 'Croatian', 'hu': 'Hungarian', 'id': 'Indonesian', 'is': 'Icelandic', 'it': 'Italian', 'iw': 'Hebrew', 'ja': 'Japanese', 'jw': 'Javanese', 'km': 'Khmer', 'kn': 'Kannada', 'ko': 'Korean', 'la': 'Latin', 'lt': 'Lithuanian', 'lv': 'Latvian', 'ml': 'Malayalam', 'mr': 'Marathi', 'ms': 'Malay', 'my': 'Myanmar (Burmese)', 'ne': 'Nepali', 'nl': 'Dutch', 'no': 'Norwegian', 'pa': 'Punjabi (Gurmukhi)', 'pl': 'Polish', 'pt': 'Portuguese (Brazil)', 'pt-PT': 'Portuguese (Portugal)', 'ro': 'Romanian', 'ru': 'Russian', 'si': 'Sinhala', 'sk': 'Slovak', 'sq': 'Albanian', 'sr': 'Serbian', 'su': 'Sundanese', 'sv': 'Swedish', 'sw': 'Swahili', 'ta': 'Tamil', 'te': 'Telugu', 'th': 'Thai', 'tl': 'Filipino', 'tr': 'Turkish', 'uk': 'Ukrainian', 'ur': 'Urdu', 'vi': 'Vietnamese', 'yue': 'Cantonese', 'zh-CN': 'Chinese (Simplified)', 'zh-TW': 'Chinese (Mandarin/Taiwan)', 'zh': 'Chinese (Mandarin)'}
[ 2024-12-26 17:12:31,369 ]  Module: tts.py | Function: _tokenize | Line No: 173 -  DEBUG: pre-processing: <function tone_marks at 0x000001C02AB3A980>
[ 2024-12-26 17:12:31,369 ]  Module: tts.py | Function: _tokenize | Line No: 173 -  DEBUG: pre-processing: <function end_of_line at 0x000001C02AB3B7E0>
[ 2024-12-26 17:12:31,369 ]  Module: tts.py | Function: _tokenize | Line No: 173 -  DEBUG: pre-processing: <function abbreviations at 0x000001C02AB3B740>
[ 2024-12-26 17:12:31,369 ]  Module: tts.py | Function: _tokenize | Line No: 173 -  DEBUG: pre-processing: <function word_sub at 0x000001C02AB3B920>
[ 2024-12-26 17:12:31,369 ]  Module: tts.py | Function: _tokenize | Line No: 180 -  DEBUG: tokenizing: <bound method Tokenizer.run of re.compile('(?<=\\?).|(?<=!).|(?<=\uff1f).|(?<=\uff01).|(?<!\\.[a-z])\\. |(?<!\\.[a-z]), |(?<!\\d):|\\]|\\(|\\[|\uff1a|—|\u3002|\u2025|\\\n|¡|\u3001|¿|\\)|\u060c|;|…|\uff0c', re.IGNORECASE) from: [<function tone_marks at 0x000001C02AB3BB00>, <function period_comma at 0x000001C02AB3BBA0>, <function colon at 0x000001C02AB3BC40>, <function other_punctuation at 0x000001C02AB3BCE0>]>
[ 2024-12-26 17:12:31,370 ]  Module: tts.py | Function: _prepare_requests | Line No: 208 -  DEBUG: text_parts: ['\u0bb5\u0ba3\u0b95\u0bcd\u0b95\u0bae\u0bcd \u0b8e\u0ba9\u0bcd \u0baa\u0bc6\u0baf\u0bb0\u0bcd \u0b9a\u0bc1\u0baa\u0bae\u0bcd', '\u0ba8\u0bbe\u0ba9\u0bcd \u0baa\u0bc1\u0ba9\u0bc7\u0bb5\u0bc8\u0b9a\u0bcd \u0b9a\u0bc7\u0bb0\u0bcd\u0ba8\u0bcd\u0ba4\u0bb5\u0ba9\u0bcd', '\u0ba4\u0bb1\u0bcd\u0baa\u0bcb\u0ba4\u0bc1 \u0ba8\u0bbe\u0ba9\u0bcd \u0ba4\u0bb0\u0bb5\u0bc1 \u0b85\u0bb1\u0bbf\u0bb5\u0bbf\u0baf\u0bb2\u0bbf\u0bb2\u0bcd \u0b87\u0bb3\u0b99\u0bcd\u0b95\u0bb2\u0bc8 \u0baa\u0b9f\u0bcd\u0b9f\u0bae\u0bcd \u0baa\u0bc6\u0bb1\u0bc1\u0b95\u0bbf\u0bb1\u0bc7\u0ba9\u0bcd.']
[ 2024-12-26 17:12:31,370 ]  Module: tts.py | Function: _prepare_requests | Line No: 209 -  DEBUG: text_parts: 3
[ 2024-12-26 17:12:31,370 ]  Module: tts.py | Function: _prepare_requests | Line No: 216 -  DEBUG: data-0: f.req=%5B%5B%5B%22jQ1olc%22%2C%22%5B%5C%22%5C%5Cu0bb5%5C%5Cu0ba3%5C%5Cu0b95%5C%5Cu0bcd%5C%5Cu0b95%5C%5Cu0bae%5C%5Cu0bcd%20%5C%5Cu0b8e%5C%5Cu0ba9%5C%5Cu0bcd%20%5C%5Cu0baa%5C%5Cu0bc6%5C%5Cu0baf%5C%5Cu0bb0%5C%5Cu0bcd%20%5C%5Cu0b9a%5C%5Cu0bc1%5C%5Cu0baa%5C%5Cu0bae%5C%5Cu0bcd%5C%22%2C%5C%22ta%5C%22%2Cnull%2C%5C%22null%5C%22%5D%22%2Cnull%2C%22generic%22%5D%5D%5D&
[ 2024-12-26 17:12:31,370 ]  Module: tts.py | Function: _prepare_requests | Line No: 216 -  DEBUG: data-1: f.req=%5B%5B%5B%22jQ1olc%22%2C%22%5B%5C%22%5C%5Cu0ba8%5C%5Cu0bbe%5C%5Cu0ba9%5C%5Cu0bcd%20%5C%5Cu0baa%5C%5Cu0bc1%5C%5Cu0ba9%5C%5Cu0bc7%5C%5Cu0bb5%5C%5Cu0bc8%5C%5Cu0b9a%5C%5Cu0bcd%20%5C%5Cu0b9a%5C%5Cu0bc7%5C%5Cu0bb0%5C%5Cu0bcd%5C%5Cu0ba8%5C%5Cu0bcd%5C%5Cu0ba4%5C%5Cu0bb5%5C%5Cu0ba9%5C%5Cu0bcd%5C%22%2C%5C%22ta%5C%22%2Cnull%2C%5C%22null%5C%22%5D%22%2Cnull%2C%22generic%22%5D%5D%5D&
[ 2024-12-26 17:12:31,370 ]  Module: tts.py | Function: _prepare_requests | Line No: 216 -  DEBUG: data-2: f.req=%5B%5B%5B%22jQ1olc%22%2C%22%5B%5C%22%5C%5Cu0ba4%5C%5Cu0bb1%5C%5Cu0bcd%5C%5Cu0baa%5C%5Cu0bcb%5C%5Cu0ba4%5C%5Cu0bc1%20%5C%5Cu0ba8%5C%5Cu0bbe%5C%5Cu0ba9%5C%5Cu0bcd%20%5C%5Cu0ba4%5C%5Cu0bb0%5C%5Cu0bb5%5C%5Cu0bc1%20%5C%5Cu0b85%5C%5Cu0bb1%5C%5Cu0bbf%5C%5Cu0bb5%5C%5Cu0bbf%5C%5Cu0baf%5C%5Cu0bb2%5C%5Cu0bbf%5C%5Cu0bb2%5C%5Cu0bcd%20%5C%5Cu0b87%5C%5Cu0bb3%5C%5Cu0b99%5C%5Cu0bcd%5C%5Cu0b95%5C%5Cu0bb2%5C%5Cu0bc8%20%5C%5Cu0baa%5C%5Cu0b9f%5C%5Cu0bcd%5C%5Cu0b9f%5C%5Cu0bae%5C%5Cu0bcd%20%5C%5Cu0baa%5C%5Cu0bc6%5C%5Cu0bb1%5C%5Cu0bc1%5C%5Cu0b95%5C%5Cu0bbf%5C%5Cu0bb1%5C%5Cu0bc7%5C%5Cu0ba9%5C%5Cu0bcd.%5C%22%2C%5C%22ta%5C%22%2Cnull%2C%5C%22null%5C%22%5D%22%2Cnull%2C%22generic%22%5D%5D%5D&
[ 2024-12-26 17:12:31,371 ]  Module: connectionpool.py | Function: _new_conn | Line No: 1049 -  DEBUG: Starting new HTTPS connection (1): translate.google.com:443
[ 2024-12-26 17:12:31,744 ]  Module: connectionpool.py | Function: _make_request | Line No: 544 -  DEBUG: https://translate.google.com:443 "POST /_/TranslateWebserverUi/data/batchexecute HTTP/1.1" 200 None
[ 2024-12-26 17:12:31,786 ]  Module: tts.py | Function: stream | Line No: 275 -  DEBUG: headers-0: {'Referer': 'http://translate.google.com/', 'User-Agent': 'Mozilla/5.0 (Windows NT 10.0; WOW64) AppleWebKit/537.36 (KHTML, like Gecko) Chrome/47.0.2526.106 Safari/537.36', 'Content-Type': 'application/x-www-form-urlencoded;charset=utf-8', 'Content-Length': '359'}
[ 2024-12-26 17:12:31,786 ]  Module: tts.py | Function: stream | Line No: 276 -  DEBUG: url-0: https://translate.google.com/_/TranslateWebserverUi/data/batchexecute
[ 2024-12-26 17:12:31,786 ]  Module: tts.py | Function: stream | Line No: 277 -  DEBUG: status-0: 200
[ 2024-12-26 17:12:31,786 ]  Module: tts.py | Function: write_to_fp | Line No: 318 -  DEBUG: part-0 written to <_io.BufferedWriter name='D:/personal/Personal_Projects/Anuwad-3/Backend\\static\\64517c07d00a41e985599a51545c3a82.mp3'>
[ 2024-12-26 17:12:31,786 ]  Module: tts.py | Function: stream | Line No: 301 -  DEBUG: part-0 created
[ 2024-12-26 17:12:31,787 ]  Module: connectionpool.py | Function: _new_conn | Line No: 1049 -  DEBUG: Starting new HTTPS connection (1): translate.google.com:443
[ 2024-12-26 17:12:32,141 ]  Module: connectionpool.py | Function: _make_request | Line No: 544 -  DEBUG: https://translate.google.com:443 "POST /_/TranslateWebserverUi/data/batchexecute HTTP/1.1" 200 None
[ 2024-12-26 17:12:32,174 ]  Module: tts.py | Function: stream | Line No: 275 -  DEBUG: headers-1: {'Referer': 'http://translate.google.com/', 'User-Agent': 'Mozilla/5.0 (Windows NT 10.0; WOW64) AppleWebKit/537.36 (KHTML, like Gecko) Chrome/47.0.2526.106 Safari/537.36', 'Content-Type': 'application/x-www-form-urlencoded;charset=utf-8', 'Content-Length': '378'}
[ 2024-12-26 17:12:32,174 ]  Module: tts.py | Function: stream | Line No: 276 -  DEBUG: url-1: https://translate.google.com/_/TranslateWebserverUi/data/batchexecute
[ 2024-12-26 17:12:32,174 ]  Module: tts.py | Function: stream | Line No: 277 -  DEBUG: status-1: 200
[ 2024-12-26 17:12:32,175 ]  Module: tts.py | Function: write_to_fp | Line No: 318 -  DEBUG: part-1 written to <_io.BufferedWriter name='D:/personal/Personal_Projects/Anuwad-3/Backend\\static\\64517c07d00a41e985599a51545c3a82.mp3'>
[ 2024-12-26 17:12:32,175 ]  Module: tts.py | Function: stream | Line No: 301 -  DEBUG: part-1 created
[ 2024-12-26 17:12:32,176 ]  Module: connectionpool.py | Function: _new_conn | Line No: 1049 -  DEBUG: Starting new HTTPS connection (1): translate.google.com:443
[ 2024-12-26 17:12:32,556 ]  Module: connectionpool.py | Function: _make_request | Line No: 544 -  DEBUG: https://translate.google.com:443 "POST /_/TranslateWebserverUi/data/batchexecute HTTP/1.1" 200 None
[ 2024-12-26 17:12:32,636 ]  Module: tts.py | Function: stream | Line No: 275 -  DEBUG: headers-2: {'Referer': 'http://translate.google.com/', 'User-Agent': 'Mozilla/5.0 (Windows NT 10.0; WOW64) AppleWebKit/537.36 (KHTML, like Gecko) Chrome/47.0.2526.106 Safari/537.36', 'Content-Type': 'application/x-www-form-urlencoded;charset=utf-8', 'Content-Length': '677'}
[ 2024-12-26 17:12:32,636 ]  Module: tts.py | Function: stream | Line No: 276 -  DEBUG: url-2: https://translate.google.com/_/TranslateWebserverUi/data/batchexecute
[ 2024-12-26 17:12:32,636 ]  Module: tts.py | Function: stream | Line No: 277 -  DEBUG: status-2: 200
[ 2024-12-26 17:12:32,638 ]  Module: tts.py | Function: write_to_fp | Line No: 318 -  DEBUG: part-2 written to <_io.BufferedWriter name='D:/personal/Personal_Projects/Anuwad-3/Backend\\static\\64517c07d00a41e985599a51545c3a82.mp3'>
[ 2024-12-26 17:12:32,638 ]  Module: tts.py | Function: stream | Line No: 301 -  DEBUG: part-2 created
[ 2024-12-26 17:12:32,639 ]  Module: tts.py | Function: save | Line No: 337 -  DEBUG: Saved to D:/personal/Personal_Projects/Anuwad-3/Backend\static\64517c07d00a41e985599a51545c3a82.mp3
[ 2024-12-26 17:12:32,640 ]  Module: _internal.py | Function: _log | Line No: 97 -  INFO: 127.0.0.1 - - [26/Dec/2024 17:12:32] "POST /stop_recording HTTP/1.1" 200 -
[ 2024-12-26 17:12:45,548 ]  Module: _internal.py | Function: _log | Line No: 97 -  INFO: 127.0.0.1 - - [26/Dec/2024 17:12:45] "[35m[1mGET /static/64517c07d00a41e985599a51545c3a82.mp3 HTTP/1.1[0m" 206 -
[ 2024-12-26 17:12:59,516 ]  Module: _internal.py | Function: _log | Line No: 97 -  INFO: 127.0.0.1 - - [26/Dec/2024 17:12:59] "[35m[1mGET /static/83264b40178e41f1a72b2063bf3df602.wav HTTP/1.1[0m" 206 -
